\BOOKMARK [0][-]{chapter.1}{Introduction}{}% 1
\BOOKMARK [0][-]{chapter.2}{Sp\351cification des Syst\350mes Dynamiques}{}% 2
\BOOKMARK [1][-]{section.2.1}{Technologies utilis\351es}{chapter.2}% 3
\BOOKMARK [2][-]{subsection.2.1.1}{Maven}{section.2.1}% 4
\BOOKMARK [2][-]{subsection.2.1.2}{Spring}{section.2.1}% 5
\BOOKMARK [2][-]{subsection.2.1.3}{SpringWS}{section.2.1}% 6
\BOOKMARK [2][-]{subsection.2.1.4}{Soap et SoapUI}{section.2.1}% 7
\BOOKMARK [2][-]{subsection.2.1.5}{JAXB}{section.2.1}% 8
\BOOKMARK [2][-]{subsection.2.1.6}{Tomcat}{section.2.1}% 9
\BOOKMARK [2][-]{subsection.2.1.7}{JDBC}{section.2.1}% 10
\BOOKMARK [2][-]{subsection.2.1.8}{JUnit}{section.2.1}% 11
\BOOKMARK [0][-]{chapter.3}{Analyse des Besoins}{}% 12
\BOOKMARK [1][-]{section.3.1}{Base de donn\351es}{chapter.3}% 13
\BOOKMARK [1][-]{section.3.2}{WebService}{chapter.3}% 14
\BOOKMARK [0][-]{chapter.4}{Plan du Syst\350me}{}% 15
\BOOKMARK [1][-]{section.4.1}{Interactions}{chapter.4}% 16
\BOOKMARK [0][-]{chapter.5}{Tests et Assurance Qualit\351}{}% 17
\BOOKMARK [1][-]{section.5.1}{M\351thodes de test et r\351sultats}{chapter.5}% 18
\BOOKMARK [2][-]{subsection.5.1.1}{Tests du client Java}{section.5.1}% 19
\BOOKMARK [2][-]{subsection.5.1.2}{Tests du WebService}{section.5.1}% 20
\BOOKMARK [2][-]{subsection.5.1.3}{Tests de l'Application de Gestion}{section.5.1}% 21
\BOOKMARK [0][-]{chapter.6}{Planification du Projet}{}% 22
\BOOKMARK [1][-]{section.6.1}{Diagramme de Gantt}{chapter.6}% 23
\BOOKMARK [0][-]{chapter.7}{Impl\351mentation}{}% 24
\BOOKMARK [1][-]{section.7.1}{Web Service}{chapter.7}% 25
\BOOKMARK [1][-]{section.7.2}{Client Java}{chapter.7}% 26
\BOOKMARK [1][-]{section.7.3}{Client PHP}{chapter.7}% 27
\BOOKMARK [1][-]{section.7.4}{Application de Gestion}{chapter.7}% 28
\BOOKMARK [0][-]{chapter.8}{Conclusion et Futures Am\351liorations}{}% 29
\BOOKMARK [1][-]{section.8.1}{Conclusion}{chapter.8}% 30
\BOOKMARK [1][-]{section.8.2}{Futures am\351liorations}{chapter.8}% 31
\BOOKMARK [0][-]{section*.43}{R\351f\351rences}{}% 32
\BOOKMARK [0][-]{Annexe.1.A}{Annexe }{}% 33
\BOOKMARK [1][-]{section.1.A.1}{Cahier des Charges}{Annexe.1.A}% 34
\BOOKMARK [1][-]{section.1.A.2}{Documentation Utilisateur}{Annexe.1.A}% 35
