This is pdfTeX, Version 3.1415926-2.5-1.40.14 (MiKTeX 2.9 64-bit) (preloaded format=pdflatex 2015.2.17)  17 APR 2015 00:17
entering extended mode
**C:/Users/Quentin/Documents/pays/Docs/finalreport/report.tex
(C:/Users/Quentin/Documents/pays/Docs/finalreport/report.tex
LaTeX2e <2011/06/27>
Babel <v3.8m> and hyphenation patterns for english, afrikaans, ancientgreek, ar
abic, armenian, assamese, basque, bengali, bokmal, bulgarian, catalan, coptic, 
croatian, czech, danish, dutch, esperanto, estonian, farsi, finnish, french, ga
lician, german, german-x-2013-05-26, greek, gujarati, hindi, hungarian, iceland
ic, indonesian, interlingua, irish, italian, kannada, kurmanji, latin, latvian,
 lithuanian, malayalam, marathi, mongolian, mongolianlmc, monogreek, ngerman, n
german-x-2013-05-26, nynorsk, oriya, panjabi, pinyin, polish, portuguese, roman
ian, russian, sanskrit, serbian, slovak, slovenian, spanish, swedish, swissgerm
an, tamil, telugu, turkish, turkmen, ukenglish, ukrainian, uppersorbian, usengl
ishmax, welsh, loaded.
("C:\Program Files\MiKTeX 2.9\tex\latex\base\report.cls"
Document Class: report 2007/10/19 v1.4h Standard LaTeX document class
("C:\Program Files\MiKTeX 2.9\tex\latex\base\size12.clo"
File: size12.clo 2007/10/19 v1.4h Standard LaTeX file (size option)
)
\c@part=\count79
\c@chapter=\count80
\c@section=\count81
\c@subsection=\count82
\c@subsubsection=\count83
\c@paragraph=\count84
\c@subparagraph=\count85
\c@figure=\count86
\c@table=\count87
\abovecaptionskip=\skip41
\belowcaptionskip=\skip42
\bibindent=\dimen102
)
("C:\Program Files\MiKTeX 2.9\tex\latex\geometry\geometry.sty"
Package: geometry 2010/09/12 v5.6 Page Geometry

("C:\Program Files\MiKTeX 2.9\tex\latex\graphics\keyval.sty"
Package: keyval 1999/03/16 v1.13 key=value parser (DPC)
\KV@toks@=\toks14
)
("C:\Program Files\MiKTeX 2.9\tex\generic\oberdiek\ifpdf.sty"
Package: ifpdf 2011/01/30 v2.3 Provides the ifpdf switch (HO)
Package ifpdf Info: pdfTeX in PDF mode is detected.
)
("C:\Program Files\MiKTeX 2.9\tex\generic\oberdiek\ifvtex.sty"
Package: ifvtex 2010/03/01 v1.5 Detect VTeX and its facilities (HO)
Package ifvtex Info: VTeX not detected.
)
("C:\Program Files\MiKTeX 2.9\tex\generic\ifxetex\ifxetex.sty"
Package: ifxetex 2010/09/12 v0.6 Provides ifxetex conditional
)
\Gm@cnth=\count88
\Gm@cntv=\count89
\c@Gm@tempcnt=\count90
\Gm@bindingoffset=\dimen103
\Gm@wd@mp=\dimen104
\Gm@odd@mp=\dimen105
\Gm@even@mp=\dimen106
\Gm@layoutwidth=\dimen107
\Gm@layoutheight=\dimen108
\Gm@layouthoffset=\dimen109
\Gm@layoutvoffset=\dimen110
\Gm@dimlist=\toks15

("C:\Program Files\MiKTeX 2.9\tex\latex\geometry\geometry.cfg"))
("C:\Program Files\MiKTeX 2.9\tex\latex\graphics\graphicx.sty"
Package: graphicx 1999/02/16 v1.0f Enhanced LaTeX Graphics (DPC,SPQR)

("C:\Program Files\MiKTeX 2.9\tex\latex\graphics\graphics.sty"
Package: graphics 2009/02/05 v1.0o Standard LaTeX Graphics (DPC,SPQR)

("C:\Program Files\MiKTeX 2.9\tex\latex\graphics\trig.sty"
Package: trig 1999/03/16 v1.09 sin cos tan (DPC)
)
("C:\Program Files\MiKTeX 2.9\tex\latex\00miktex\graphics.cfg"
File: graphics.cfg 2007/01/18 v1.5 graphics configuration of teTeX/TeXLive
)
Package graphics Info: Driver file: pdftex.def on input line 91.

("C:\Program Files\MiKTeX 2.9\tex\latex\pdftex-def\pdftex.def"
File: pdftex.def 2011/05/27 v0.06d Graphics/color for pdfTeX

("C:\Program Files\MiKTeX 2.9\tex\generic\oberdiek\infwarerr.sty"
Package: infwarerr 2010/04/08 v1.3 Providing info/warning/error messages (HO)
)
("C:\Program Files\MiKTeX 2.9\tex\generic\oberdiek\ltxcmds.sty"
Package: ltxcmds 2011/11/09 v1.22 LaTeX kernel commands for general use (HO)
)
\Gread@gobject=\count91
))
\Gin@req@height=\dimen111
\Gin@req@width=\dimen112
)
("C:\Program Files\MiKTeX 2.9\tex\latex\hyperref\hyperref.sty"
Package: hyperref 2012/11/06 v6.83m Hypertext links for LaTeX

("C:\Program Files\MiKTeX 2.9\tex\generic\oberdiek\hobsub-hyperref.sty"
Package: hobsub-hyperref 2012/04/25 v1.12 Bundle oberdiek, subset hyperref (HO)


("C:\Program Files\MiKTeX 2.9\tex\generic\oberdiek\hobsub-generic.sty"
Package: hobsub-generic 2012/04/25 v1.12 Bundle oberdiek, subset generic (HO)
Package: hobsub 2012/04/25 v1.12 Construct package bundles (HO)
Package hobsub Info: Skipping package `infwarerr' (already loaded).
Package hobsub Info: Skipping package `ltxcmds' (already loaded).
Package: ifluatex 2010/03/01 v1.3 Provides the ifluatex switch (HO)
Package ifluatex Info: LuaTeX not detected.
Package hobsub Info: Skipping package `ifvtex' (already loaded).
Package: intcalc 2007/09/27 v1.1 Expandable calculations with integers (HO)
Package hobsub Info: Skipping package `ifpdf' (already loaded).
Package: etexcmds 2011/02/16 v1.5 Avoid name clashes with e-TeX commands (HO)
Package etexcmds Info: Could not find \expanded.
(etexcmds)             That can mean that you are not using pdfTeX 1.50 or
(etexcmds)             that some package has redefined \expanded.
(etexcmds)             In the latter case, load this package earlier.
Package: kvsetkeys 2012/04/25 v1.16 Key value parser (HO)
Package: kvdefinekeys 2011/04/07 v1.3 Define keys (HO)
Package: pdftexcmds 2011/11/29 v0.20 Utility functions of pdfTeX for LuaTeX (HO
)
Package pdftexcmds Info: LuaTeX not detected.
Package pdftexcmds Info: \pdf@primitive is available.
Package pdftexcmds Info: \pdf@ifprimitive is available.
Package pdftexcmds Info: \pdfdraftmode found.
Package: pdfescape 2011/11/25 v1.13 Implements pdfTeX's escape features (HO)
Package: bigintcalc 2012/04/08 v1.3 Expandable calculations on big integers (HO
)
Package: bitset 2011/01/30 v1.1 Handle bit-vector datatype (HO)
Package: uniquecounter 2011/01/30 v1.2 Provide unlimited unique counter (HO)
)
Package hobsub Info: Skipping package `hobsub' (already loaded).
Package: letltxmacro 2010/09/02 v1.4 Let assignment for LaTeX macros (HO)
Package: hopatch 2011/06/24 v1.1 Wrapper for package hooks (HO)
Package: xcolor-patch 2011/01/30 xcolor patch
Package: atveryend 2011/06/30 v1.8 Hooks at the very end of document (HO)
Package atveryend Info: \enddocument detected (standard20110627).
Package: atbegshi 2011/10/05 v1.16 At begin shipout hook (HO)
Package: refcount 2011/10/16 v3.4 Data extraction from label references (HO)
Package: hycolor 2011/01/30 v1.7 Color options for hyperref/bookmark (HO)
)
("C:\Program Files\MiKTeX 2.9\tex\latex\oberdiek\auxhook.sty"
Package: auxhook 2011/03/04 v1.3 Hooks for auxiliary files (HO)
)
("C:\Program Files\MiKTeX 2.9\tex\latex\oberdiek\kvoptions.sty"
Package: kvoptions 2011/06/30 v3.11 Key value format for package options (HO)
)
\@linkdim=\dimen113
\Hy@linkcounter=\count92
\Hy@pagecounter=\count93

("C:\Program Files\MiKTeX 2.9\tex\latex\hyperref\pd1enc.def"
File: pd1enc.def 2012/11/06 v6.83m Hyperref: PDFDocEncoding definition (HO)
)
\Hy@SavedSpaceFactor=\count94

("C:\Program Files\MiKTeX 2.9\tex\latex\00miktex\hyperref.cfg"
File: hyperref.cfg 2002/06/06 v1.2 hyperref configuration of TeXLive
)
Package hyperref Info: Option `bookmarks' set `true' on input line 4319.
Package hyperref Info: Option `colorlinks' set `false' on input line 4319.
Package hyperref Info: Hyper figures OFF on input line 4443.
Package hyperref Info: Link nesting OFF on input line 4448.
Package hyperref Info: Hyper index ON on input line 4451.
Package hyperref Info: Plain pages OFF on input line 4458.
Package hyperref Info: Backreferencing OFF on input line 4463.
Package hyperref Info: Implicit mode ON; LaTeX internals redefined.
Package hyperref Info: Bookmarks ON on input line 4688.
\c@Hy@tempcnt=\count95

("C:\Program Files\MiKTeX 2.9\tex\latex\url\url.sty"
\Urlmuskip=\muskip10
Package: url 2013/09/16  ver 3.4  Verb mode for urls, etc.
)
LaTeX Info: Redefining \url on input line 5041.
\XeTeXLinkMargin=\dimen114
\Fld@menulength=\count96
\Field@Width=\dimen115
\Fld@charsize=\dimen116
Package hyperref Info: Hyper figures OFF on input line 6295.
Package hyperref Info: Link nesting OFF on input line 6300.
Package hyperref Info: Hyper index ON on input line 6303.
Package hyperref Info: backreferencing OFF on input line 6310.
Package hyperref Info: Link coloring OFF on input line 6315.
Package hyperref Info: Link coloring with OCG OFF on input line 6320.
Package hyperref Info: PDF/A mode OFF on input line 6325.
LaTeX Info: Redefining \ref on input line 6365.
LaTeX Info: Redefining \pageref on input line 6369.
\Hy@abspage=\count97
\c@Item=\count98
\c@Hfootnote=\count99
)

Package hyperref Message: Driver (autodetected): hpdftex.

("C:\Program Files\MiKTeX 2.9\tex\latex\hyperref\hpdftex.def"
File: hpdftex.def 2012/11/06 v6.83m Hyperref driver for pdfTeX
\Fld@listcount=\count100
\c@bookmark@seq@number=\count101

("C:\Program Files\MiKTeX 2.9\tex\latex\oberdiek\rerunfilecheck.sty"
Package: rerunfilecheck 2011/04/15 v1.7 Rerun checks for auxiliary files (HO)
Package uniquecounter Info: New unique counter `rerunfilecheck' on input line 2
82.
)
\Hy@SectionHShift=\skip43
)
("C:\Program Files\MiKTeX 2.9\tex\latex\pdfpages\pdfpages.sty"
Package: pdfpages 2013/08/25 v0.4v Insert pages of external PDF documents (AM)

("C:\Program Files\MiKTeX 2.9\tex\latex\base\ifthen.sty"
Package: ifthen 2001/05/26 v1.1c Standard LaTeX ifthen package (DPC)
)
("C:\Program Files\MiKTeX 2.9\tex\latex\tools\calc.sty"
Package: calc 2007/08/22 v4.3 Infix arithmetic (KKT,FJ)
\calc@Acount=\count102
\calc@Bcount=\count103
\calc@Adimen=\dimen117
\calc@Bdimen=\dimen118
\calc@Askip=\skip44
\calc@Bskip=\skip45
LaTeX Info: Redefining \setlength on input line 76.
LaTeX Info: Redefining \addtolength on input line 77.
\calc@Ccount=\count104
\calc@Cskip=\skip46
)
("C:\Program Files\MiKTeX 2.9\tex\latex\eso-pic\eso-pic.sty"
Package: eso-pic 2013/10/06 v2.0d eso-pic (RN)

("C:\Program Files\MiKTeX 2.9\tex\latex\xcolor\xcolor.sty"
Package: xcolor 2007/01/21 v2.11 LaTeX color extensions (UK)

("C:\Program Files\MiKTeX 2.9\tex\latex\00miktex\color.cfg"
File: color.cfg 2007/01/18 v1.5 color configuration of teTeX/TeXLive
)
Package xcolor Info: Driver file: pdftex.def on input line 225.
Package xcolor Info: Model `cmy' substituted by `cmy0' on input line 1337.
Package xcolor Info: Model `hsb' substituted by `rgb' on input line 1341.
Package xcolor Info: Model `RGB' extended on input line 1353.
Package xcolor Info: Model `HTML' substituted by `rgb' on input line 1355.
Package xcolor Info: Model `Hsb' substituted by `hsb' on input line 1356.
Package xcolor Info: Model `tHsb' substituted by `hsb' on input line 1357.
Package xcolor Info: Model `HSB' substituted by `hsb' on input line 1358.
Package xcolor Info: Model `Gray' substituted by `gray' on input line 1359.
Package xcolor Info: Model `wave' substituted by `hsb' on input line 1360.
))
("C:\Program Files\MiKTeX 2.9\tex\latex\pdfpages\pppdftex.def"
File: pppdftex.def 2013/08/25 v0.4v Pdfpages driver for pdfTeX (AM)
)
\AM@pagebox=\box26
\AM@toc@title=\toks16
\c@AM@survey=\count105
\AM@templatesizebox=\box27
)
("C:\Program Files\MiKTeX 2.9\tex\latex\float\float.sty"
Package: float 2001/11/08 v1.3d Float enhancements (AL)
\c@float@type=\count106
\float@exts=\toks17
\float@box=\box28
\@float@everytoks=\toks18
\@floatcapt=\box29
)
("C:\Program Files\MiKTeX 2.9\tex\latex\pslatex\pslatex.sty"
Package: pslatex 1996/07/24 v1.2 pslatex emulation (DPC)
LaTeX Font Info:    Redeclaring symbol font `operators' on input line 65.
LaTeX Font Info:    Overwriting symbol font `operators' in version `normal'
(Font)                  OT1/cmr/m/n --> OT1/ptmcm/m/n on input line 65.
LaTeX Font Info:    Overwriting symbol font `operators' in version `bold'
(Font)                  OT1/cmr/bx/n --> OT1/ptmcm/m/n on input line 65.
LaTeX Font Info:    Redeclaring symbol font `letters' on input line 66.
LaTeX Font Info:    Overwriting symbol font `letters' in version `normal'
(Font)                  OML/cmm/m/it --> OML/ptmcm/m/it on input line 66.
LaTeX Font Info:    Overwriting symbol font `letters' in version `bold'
(Font)                  OML/cmm/b/it --> OML/ptmcm/m/it on input line 66.
LaTeX Font Info:    Redeclaring symbol font `symbols' on input line 67.
LaTeX Font Info:    Overwriting symbol font `symbols' in version `normal'
(Font)                  OMS/cmsy/m/n --> OMS/pzccm/m/n on input line 67.
LaTeX Font Info:    Overwriting symbol font `symbols' in version `bold'
(Font)                  OMS/cmsy/b/n --> OMS/pzccm/m/n on input line 67.
LaTeX Font Info:    Redeclaring symbol font `largesymbols' on input line 68.
LaTeX Font Info:    Overwriting symbol font `largesymbols' in version `normal'
(Font)                  OMX/cmex/m/n --> OMX/psycm/m/n on input line 68.
LaTeX Font Info:    Overwriting symbol font `largesymbols' in version `bold'
(Font)                  OMX/cmex/m/n --> OMX/psycm/m/n on input line 68.
\symbold=\mathgroup4
\symitalic=\mathgroup5
LaTeX Font Info:    Redeclaring math alphabet \mathbf on input line 74.
LaTeX Font Info:    Overwriting math alphabet `\mathbf' in version `normal'
(Font)                  OT1/cmr/bx/n --> OT1/ptm/bx/n on input line 74.
LaTeX Font Info:    Overwriting math alphabet `\mathbf' in version `bold'
(Font)                  OT1/cmr/bx/n --> OT1/ptm/bx/n on input line 74.
LaTeX Font Info:    Redeclaring math alphabet \mathit on input line 75.
LaTeX Font Info:    Overwriting math alphabet `\mathit' in version `normal'
(Font)                  OT1/cmr/m/it --> OT1/ptm/m/it on input line 75.
LaTeX Font Info:    Overwriting math alphabet `\mathit' in version `bold'
(Font)                  OT1/cmr/bx/it --> OT1/ptm/m/it on input line 75.
)
("C:\Program Files\MiKTeX 2.9\tex\latex\tools\array.sty"
Package: array 2008/09/09 v2.4c Tabular extension package (FMi)
\col@sep=\dimen119
\extrarowheight=\dimen120
\NC@list=\toks19
\extratabsurround=\skip47
\backup@length=\skip48
)
("C:\Program Files\MiKTeX 2.9\tex\latex\setspace\setspace.sty"
Package: setspace 2011/12/19 v6.7a set line spacing
)
("C:\Program Files\MiKTeX 2.9\tex\latex\tools\enumerate.sty"
Package: enumerate 1999/03/05 v3.00 enumerate extensions (DPC)
\@enLab=\toks20
)
("C:\Program Files\MiKTeX 2.9\tex\latex\tools\longtable.sty"
Package: longtable 2004/02/01 v4.11 Multi-page Table package (DPC)
\LTleft=\skip49
\LTright=\skip50
\LTpre=\skip51
\LTpost=\skip52
\LTchunksize=\count107
\LTcapwidth=\dimen121
\LT@head=\box30
\LT@firsthead=\box31
\LT@foot=\box32
\LT@lastfoot=\box33
\LT@cols=\count108
\LT@rows=\count109
\c@LT@tables=\count110
\c@LT@chunks=\count111
\LT@p@ftn=\toks21
)
("C:\Program Files\MiKTeX 2.9\tex\generic\babel\babel.sty"
Package: babel 2008/07/08 v3.8m The Babel package

*************************************
* Local config file bblopts.cfg used
*
("C:\Program Files\MiKTeX 2.9\tex\latex\00miktex\bblopts.cfg"
File: bblopts.cfg 2006/07/31 v1.0 MiKTeX 'babel' configuration
)
("C:\Program Files\MiKTeX 2.9\tex\generic\babel\frenchb.ldf"
Language: frenchb 2009/03/16 v2.3d French support from the babel system

("C:\Program Files\MiKTeX 2.9\tex\generic\babel\babel.def"
File: babel.def 2008/07/08 v3.8m Babel common definitions
\babel@savecnt=\count112
\U@D=\dimen122
)
Package babel Info: Making : an active character on input line 120.
Package babel Info: Making ; an active character on input line 121.
Package babel Info: Making ! an active character on input line 122.
Package babel Info: Making ? an active character on input line 123.
\FB@Mht=\dimen123
\std@mcc=\count113
\dec@mcc=\count114
\parindentFFN=\dimen124

*************************************
* Local config file frenchb.cfg used
*
("C:\Program Files\MiKTeX 2.9\tex\generic\babel\frenchb.cfg")))
("C:\Program Files\MiKTeX 2.9\tex\latex\carlisle\scalefnt.sty")
("C:\Program Files\MiKTeX 2.9\tex\latex\tools\xspace.sty"
Package: xspace 2009/10/20 v1.13 Space after command names (DPC,MH)
)
("C:\Program Files\MiKTeX 2.9\tex\latex\base\inputenc.sty"
Package: inputenc 2008/03/30 v1.1d Input encoding file
\inpenc@prehook=\toks22
\inpenc@posthook=\toks23

("C:\Program Files\MiKTeX 2.9\tex\latex\base\utf8.def"
File: utf8.def 2008/04/05 v1.1m UTF-8 support for inputenc
Now handling font encoding OML ...
... no UTF-8 mapping file for font encoding OML
Now handling font encoding T1 ...
... processing UTF-8 mapping file for font encoding T1

("C:\Program Files\MiKTeX 2.9\tex\latex\base\t1enc.dfu"
File: t1enc.dfu 2008/04/05 v1.1m UTF-8 support for inputenc
   defining Unicode char U+00A1 (decimal 161)
   defining Unicode char U+00A3 (decimal 163)
   defining Unicode char U+00AB (decimal 171)
   defining Unicode char U+00BB (decimal 187)
   defining Unicode char U+00BF (decimal 191)
   defining Unicode char U+00C0 (decimal 192)
   defining Unicode char U+00C1 (decimal 193)
   defining Unicode char U+00C2 (decimal 194)
   defining Unicode char U+00C3 (decimal 195)
   defining Unicode char U+00C4 (decimal 196)
   defining Unicode char U+00C5 (decimal 197)
   defining Unicode char U+00C6 (decimal 198)
   defining Unicode char U+00C7 (decimal 199)
   defining Unicode char U+00C8 (decimal 200)
   defining Unicode char U+00C9 (decimal 201)
   defining Unicode char U+00CA (decimal 202)
   defining Unicode char U+00CB (decimal 203)
   defining Unicode char U+00CC (decimal 204)
   defining Unicode char U+00CD (decimal 205)
   defining Unicode char U+00CE (decimal 206)
   defining Unicode char U+00CF (decimal 207)
   defining Unicode char U+00D0 (decimal 208)
   defining Unicode char U+00D1 (decimal 209)
   defining Unicode char U+00D2 (decimal 210)
   defining Unicode char U+00D3 (decimal 211)
   defining Unicode char U+00D4 (decimal 212)
   defining Unicode char U+00D5 (decimal 213)
   defining Unicode char U+00D6 (decimal 214)
   defining Unicode char U+00D8 (decimal 216)
   defining Unicode char U+00D9 (decimal 217)
   defining Unicode char U+00DA (decimal 218)
   defining Unicode char U+00DB (decimal 219)
   defining Unicode char U+00DC (decimal 220)
   defining Unicode char U+00DD (decimal 221)
   defining Unicode char U+00DE (decimal 222)
   defining Unicode char U+00DF (decimal 223)
   defining Unicode char U+00E0 (decimal 224)
   defining Unicode char U+00E1 (decimal 225)
   defining Unicode char U+00E2 (decimal 226)
   defining Unicode char U+00E3 (decimal 227)
   defining Unicode char U+00E4 (decimal 228)
   defining Unicode char U+00E5 (decimal 229)
   defining Unicode char U+00E6 (decimal 230)
   defining Unicode char U+00E7 (decimal 231)
   defining Unicode char U+00E8 (decimal 232)
   defining Unicode char U+00E9 (decimal 233)
   defining Unicode char U+00EA (decimal 234)
   defining Unicode char U+00EB (decimal 235)
   defining Unicode char U+00EC (decimal 236)
   defining Unicode char U+00ED (decimal 237)
   defining Unicode char U+00EE (decimal 238)
   defining Unicode char U+00EF (decimal 239)
   defining Unicode char U+00F0 (decimal 240)
   defining Unicode char U+00F1 (decimal 241)
   defining Unicode char U+00F2 (decimal 242)
   defining Unicode char U+00F3 (decimal 243)
   defining Unicode char U+00F4 (decimal 244)
   defining Unicode char U+00F5 (decimal 245)
   defining Unicode char U+00F6 (decimal 246)
   defining Unicode char U+00F8 (decimal 248)
   defining Unicode char U+00F9 (decimal 249)
   defining Unicode char U+00FA (decimal 250)
   defining Unicode char U+00FB (decimal 251)
   defining Unicode char U+00FC (decimal 252)
   defining Unicode char U+00FD (decimal 253)
   defining Unicode char U+00FE (decimal 254)
   defining Unicode char U+00FF (decimal 255)
   defining Unicode char U+0102 (decimal 258)
   defining Unicode char U+0103 (decimal 259)
   defining Unicode char U+0104 (decimal 260)
   defining Unicode char U+0105 (decimal 261)
   defining Unicode char U+0106 (decimal 262)
   defining Unicode char U+0107 (decimal 263)
   defining Unicode char U+010C (decimal 268)
   defining Unicode char U+010D (decimal 269)
   defining Unicode char U+010E (decimal 270)
   defining Unicode char U+010F (decimal 271)
   defining Unicode char U+0110 (decimal 272)
   defining Unicode char U+0111 (decimal 273)
   defining Unicode char U+0118 (decimal 280)
   defining Unicode char U+0119 (decimal 281)
   defining Unicode char U+011A (decimal 282)
   defining Unicode char U+011B (decimal 283)
   defining Unicode char U+011E (decimal 286)
   defining Unicode char U+011F (decimal 287)
   defining Unicode char U+0130 (decimal 304)
   defining Unicode char U+0131 (decimal 305)
   defining Unicode char U+0132 (decimal 306)
   defining Unicode char U+0133 (decimal 307)
   defining Unicode char U+0139 (decimal 313)
   defining Unicode char U+013A (decimal 314)
   defining Unicode char U+013D (decimal 317)
   defining Unicode char U+013E (decimal 318)
   defining Unicode char U+0141 (decimal 321)
   defining Unicode char U+0142 (decimal 322)
   defining Unicode char U+0143 (decimal 323)
   defining Unicode char U+0144 (decimal 324)
   defining Unicode char U+0147 (decimal 327)
   defining Unicode char U+0148 (decimal 328)
   defining Unicode char U+014A (decimal 330)
   defining Unicode char U+014B (decimal 331)
   defining Unicode char U+0150 (decimal 336)
   defining Unicode char U+0151 (decimal 337)
   defining Unicode char U+0152 (decimal 338)
   defining Unicode char U+0153 (decimal 339)
   defining Unicode char U+0154 (decimal 340)
   defining Unicode char U+0155 (decimal 341)
   defining Unicode char U+0158 (decimal 344)
   defining Unicode char U+0159 (decimal 345)
   defining Unicode char U+015A (decimal 346)
   defining Unicode char U+015B (decimal 347)
   defining Unicode char U+015E (decimal 350)
   defining Unicode char U+015F (decimal 351)
   defining Unicode char U+0160 (decimal 352)
   defining Unicode char U+0161 (decimal 353)
   defining Unicode char U+0162 (decimal 354)
   defining Unicode char U+0163 (decimal 355)
   defining Unicode char U+0164 (decimal 356)
   defining Unicode char U+0165 (decimal 357)
   defining Unicode char U+016E (decimal 366)
   defining Unicode char U+016F (decimal 367)
   defining Unicode char U+0170 (decimal 368)
   defining Unicode char U+0171 (decimal 369)
   defining Unicode char U+0178 (decimal 376)
   defining Unicode char U+0179 (decimal 377)
   defining Unicode char U+017A (decimal 378)
   defining Unicode char U+017B (decimal 379)
   defining Unicode char U+017C (decimal 380)
   defining Unicode char U+017D (decimal 381)
   defining Unicode char U+017E (decimal 382)
   defining Unicode char U+200C (decimal 8204)
   defining Unicode char U+2013 (decimal 8211)
   defining Unicode char U+2014 (decimal 8212)
   defining Unicode char U+2018 (decimal 8216)
   defining Unicode char U+2019 (decimal 8217)
   defining Unicode char U+201A (decimal 8218)
   defining Unicode char U+201C (decimal 8220)
   defining Unicode char U+201D (decimal 8221)
   defining Unicode char U+201E (decimal 8222)
   defining Unicode char U+2030 (decimal 8240)
   defining Unicode char U+2031 (decimal 8241)
   defining Unicode char U+2039 (decimal 8249)
   defining Unicode char U+203A (decimal 8250)
   defining Unicode char U+2423 (decimal 9251)
)
Now handling font encoding OT1 ...
... processing UTF-8 mapping file for font encoding OT1

("C:\Program Files\MiKTeX 2.9\tex\latex\base\ot1enc.dfu"
File: ot1enc.dfu 2008/04/05 v1.1m UTF-8 support for inputenc
   defining Unicode char U+00A1 (decimal 161)
   defining Unicode char U+00A3 (decimal 163)
   defining Unicode char U+00B8 (decimal 184)
   defining Unicode char U+00BF (decimal 191)
   defining Unicode char U+00C5 (decimal 197)
   defining Unicode char U+00C6 (decimal 198)
   defining Unicode char U+00D8 (decimal 216)
   defining Unicode char U+00DF (decimal 223)
   defining Unicode char U+00E6 (decimal 230)
   defining Unicode char U+00EC (decimal 236)
   defining Unicode char U+00ED (decimal 237)
   defining Unicode char U+00EE (decimal 238)
   defining Unicode char U+00EF (decimal 239)
   defining Unicode char U+00F8 (decimal 248)
   defining Unicode char U+0131 (decimal 305)
   defining Unicode char U+0141 (decimal 321)
   defining Unicode char U+0142 (decimal 322)
   defining Unicode char U+0152 (decimal 338)
   defining Unicode char U+0153 (decimal 339)
   defining Unicode char U+2013 (decimal 8211)
   defining Unicode char U+2014 (decimal 8212)
   defining Unicode char U+2018 (decimal 8216)
   defining Unicode char U+2019 (decimal 8217)
   defining Unicode char U+201C (decimal 8220)
   defining Unicode char U+201D (decimal 8221)
)
Now handling font encoding OMS ...
... processing UTF-8 mapping file for font encoding OMS

("C:\Program Files\MiKTeX 2.9\tex\latex\base\omsenc.dfu"
File: omsenc.dfu 2008/04/05 v1.1m UTF-8 support for inputenc
   defining Unicode char U+00A7 (decimal 167)
   defining Unicode char U+00B6 (decimal 182)
   defining Unicode char U+00B7 (decimal 183)
   defining Unicode char U+2020 (decimal 8224)
   defining Unicode char U+2021 (decimal 8225)
   defining Unicode char U+2022 (decimal 8226)
)
Now handling font encoding OMX ...
... no UTF-8 mapping file for font encoding OMX
Now handling font encoding U ...
... no UTF-8 mapping file for font encoding U
Now handling font encoding PD1 ...
... no UTF-8 mapping file for font encoding PD1
   defining Unicode char U+00A9 (decimal 169)
   defining Unicode char U+00AA (decimal 170)
   defining Unicode char U+00AE (decimal 174)
   defining Unicode char U+00BA (decimal 186)
   defining Unicode char U+02C6 (decimal 710)
   defining Unicode char U+02DC (decimal 732)
   defining Unicode char U+200C (decimal 8204)
   defining Unicode char U+2026 (decimal 8230)
   defining Unicode char U+2122 (decimal 8482)
   defining Unicode char U+2423 (decimal 9251)
))
("C:\Program Files\MiKTeX 2.9\tex\latex\base\fontenc.sty"
Package: fontenc 2005/09/27 v1.99g Standard LaTeX package

("C:\Program Files\MiKTeX 2.9\tex\latex\base\t1enc.def"
File: t1enc.def 2005/09/27 v1.99g Standard LaTeX file
LaTeX Font Info:    Redeclaring font encoding T1 on input line 43.
))
("C:\Program Files\MiKTeX 2.9\tex\latex\listings\listings.sty"
\lst@mode=\count115
\lst@gtempboxa=\box34
\lst@token=\toks24
\lst@length=\count116
\lst@currlwidth=\dimen125
\lst@column=\count117
\lst@pos=\count118
\lst@lostspace=\dimen126
\lst@width=\dimen127
\lst@newlines=\count119
\lst@lineno=\count120
\lst@maxwidth=\dimen128

("C:\Program Files\MiKTeX 2.9\tex\latex\listings\lstmisc.sty"
File: lstmisc.sty 2014/09/06 1.5e (Carsten Heinz)
\c@lstnumber=\count121
\lst@skipnumbers=\count122
\lst@framebox=\box35
)
("C:\Program Files\MiKTeX 2.9\tex\latex\listings\listings.cfg"
File: listings.cfg 2014/09/06 1.5e listings configuration
))
Package: listings 2014/09/06 1.5e (Carsten Heinz)

("C:\Program Files\MiKTeX 2.9\tex\latex\appendix\appendix.sty"
Package: appendix 2009/09/02 v1.2b extra appendix facilities
\c@@pps=\count123
\c@@ppsavesec=\count124
\c@@ppsaveapp=\count125
)
("C:\Program Files\MiKTeX 2.9\tex\latex\caption\caption.sty"
Package: caption 2013/05/02 v3.3-89 Customizing captions (AR)

("C:\Program Files\MiKTeX 2.9\tex\latex\caption\caption3.sty"
Package: caption3 2013/05/02 v1.6-88 caption3 kernel (AR)
Package caption3 Info: TeX engine: e-TeX on input line 57.
\captionmargin=\dimen129
\captionmargin@=\dimen130
\captionwidth=\dimen131
\caption@tempdima=\dimen132
\caption@indent=\dimen133
\caption@parindent=\dimen134
\caption@hangindent=\dimen135
)
\c@ContinuedFloat=\count126
Package caption Info: float package is loaded.
Package caption Info: hyperref package is loaded.
Package caption Info: listings package is loaded.
Package caption Info: longtable package is loaded.

("C:\Program Files\MiKTeX 2.9\tex\latex\caption\ltcaption.sty"
Package: ltcaption 2013/02/03 v1.3-62 longtable captions (AR)
))
("C:\Program Files\MiKTeX 2.9\tex\latex\listings\lstlang1.sty"
File: lstlang1.sty 2014/09/06 1.5e listings language file
)
("C:\Program Files\MiKTeX 2.9\tex\latex\fancyhdr\fancyhdr.sty"
\fancy@headwidth=\skip53
\f@ncyO@elh=\skip54
\f@ncyO@erh=\skip55
\f@ncyO@olh=\skip56
\f@ncyO@orh=\skip57
\f@ncyO@elf=\skip58
\f@ncyO@erf=\skip59
\f@ncyO@olf=\skip60
\f@ncyO@orf=\skip61
)

Package Fancyhdr Warning: \fancyfoot's `E' option without twoside option is use
less on input line 77.


Package Fancyhdr Warning: \fancyfoot's `E' option without twoside option is use
less on input line 79.

("C:\Program Files\MiKTeX 2.9\tex\latex\pgf\basiclayer\pgf.sty"
("C:\Program Files\MiKTeX 2.9\tex\latex\pgf\utilities\pgfrcs.sty"
("C:\Program Files\MiKTeX 2.9\tex\generic\pgf\utilities\pgfutil-common.tex"
\pgfutil@everybye=\toks25
\pgfutil@tempdima=\dimen136
\pgfutil@tempdimb=\dimen137

("C:\Program Files\MiKTeX 2.9\tex\generic\pgf\utilities\pgfutil-common-lists.te
x")) ("C:\Program Files\MiKTeX 2.9\tex\generic\pgf\utilities\pgfutil-latex.def"
\pgfutil@abb=\box36
("C:\Program Files\MiKTeX 2.9\tex\latex\ms\everyshi.sty"
Package: everyshi 2001/05/15 v3.00 EveryShipout Package (MS)
))
("C:\Program Files\MiKTeX 2.9\tex\generic\pgf\utilities\pgfrcs.code.tex"
Package: pgfrcs 2013/12/20 v3.0.0 (rcs-revision 1.28)
))
Package: pgf 2013/12/18 v3.0.0 (rcs-revision 1.14)

("C:\Program Files\MiKTeX 2.9\tex\latex\pgf\basiclayer\pgfcore.sty"
("C:\Program Files\MiKTeX 2.9\tex\latex\pgf\systemlayer\pgfsys.sty"
("C:\Program Files\MiKTeX 2.9\tex\generic\pgf\systemlayer\pgfsys.code.tex"
Package: pgfsys 2013/11/30 v3.0.0 (rcs-revision 1.47)

("C:\Program Files\MiKTeX 2.9\tex\generic\pgf\utilities\pgfkeys.code.tex"
\pgfkeys@pathtoks=\toks26
\pgfkeys@temptoks=\toks27

("C:\Program Files\MiKTeX 2.9\tex\generic\pgf\utilities\pgfkeysfiltered.code.te
x"
\pgfkeys@tmptoks=\toks28
))
\pgf@x=\dimen138
\pgf@y=\dimen139
\pgf@xa=\dimen140
\pgf@ya=\dimen141
\pgf@xb=\dimen142
\pgf@yb=\dimen143
\pgf@xc=\dimen144
\pgf@yc=\dimen145
\w@pgf@writea=\write3
\r@pgf@reada=\read1
\c@pgf@counta=\count127
\c@pgf@countb=\count128
\c@pgf@countc=\count129
\c@pgf@countd=\count130
\t@pgf@toka=\toks29
\t@pgf@tokb=\toks30
\t@pgf@tokc=\toks31
 ("C:\Program Files\MiKTeX 2.9\tex\generic\pgf\systemlayer\pgf.cfg"
File: pgf.cfg 2008/05/14  (rcs-revision 1.7)
)
Driver file for pgf: pgfsys-pdftex.def

("C:\Program Files\MiKTeX 2.9\tex\generic\pgf\systemlayer\pgfsys-pdftex.def"
File: pgfsys-pdftex.def 2013/07/18  (rcs-revision 1.33)

("C:\Program Files\MiKTeX 2.9\tex\generic\pgf\systemlayer\pgfsys-common-pdf.def
"
File: pgfsys-common-pdf.def 2013/10/10  (rcs-revision 1.13)
)))
("C:\Program Files\MiKTeX 2.9\tex\generic\pgf\systemlayer\pgfsyssoftpath.code.t
ex"
File: pgfsyssoftpath.code.tex 2013/09/09  (rcs-revision 1.9)
\pgfsyssoftpath@smallbuffer@items=\count131
\pgfsyssoftpath@bigbuffer@items=\count132
)
("C:\Program Files\MiKTeX 2.9\tex\generic\pgf\systemlayer\pgfsysprotocol.code.t
ex"
File: pgfsysprotocol.code.tex 2006/10/16  (rcs-revision 1.4)
)) ("C:\Program Files\MiKTeX 2.9\tex\generic\pgf\basiclayer\pgfcore.code.tex"
Package: pgfcore 2010/04/11 v3.0.0 (rcs-revision 1.7)
 ("C:\Program Files\MiKTeX 2.9\tex\generic\pgf\math\pgfmath.code.tex"
("C:\Program Files\MiKTeX 2.9\tex\generic\pgf\math\pgfmathcalc.code.tex"
("C:\Program Files\MiKTeX 2.9\tex\generic\pgf\math\pgfmathutil.code.tex")
("C:\Program Files\MiKTeX 2.9\tex\generic\pgf\math\pgfmathparser.code.tex"
\pgfmath@dimen=\dimen146
\pgfmath@count=\count133
\pgfmath@box=\box37
\pgfmath@toks=\toks32
\pgfmath@stack@operand=\toks33
\pgfmath@stack@operation=\toks34
)
("C:\Program Files\MiKTeX 2.9\tex\generic\pgf\math\pgfmathfunctions.code.tex"
("C:\Program Files\MiKTeX 2.9\tex\generic\pgf\math\pgfmathfunctions.basic.code.
tex")
("C:\Program Files\MiKTeX 2.9\tex\generic\pgf\math\pgfmathfunctions.trigonometr
ic.code.tex")
("C:\Program Files\MiKTeX 2.9\tex\generic\pgf\math\pgfmathfunctions.random.code
.tex")
("C:\Program Files\MiKTeX 2.9\tex\generic\pgf\math\pgfmathfunctions.comparison.
code.tex")
("C:\Program Files\MiKTeX 2.9\tex\generic\pgf\math\pgfmathfunctions.base.code.t
ex")
("C:\Program Files\MiKTeX 2.9\tex\generic\pgf\math\pgfmathfunctions.round.code.
tex")
("C:\Program Files\MiKTeX 2.9\tex\generic\pgf\math\pgfmathfunctions.misc.code.t
ex")
("C:\Program Files\MiKTeX 2.9\tex\generic\pgf\math\pgfmathfunctions.integerarit
hmetics.code.tex")))
("C:\Program Files\MiKTeX 2.9\tex\generic\pgf\math\pgfmathfloat.code.tex"
\c@pgfmathroundto@lastzeros=\count134
))
("C:\Program Files\MiKTeX 2.9\tex\generic\pgf\basiclayer\pgfcorepoints.code.tex
"
File: pgfcorepoints.code.tex 2013/10/07  (rcs-revision 1.27)
\pgf@picminx=\dimen147
\pgf@picmaxx=\dimen148
\pgf@picminy=\dimen149
\pgf@picmaxy=\dimen150
\pgf@pathminx=\dimen151
\pgf@pathmaxx=\dimen152
\pgf@pathminy=\dimen153
\pgf@pathmaxy=\dimen154
\pgf@xx=\dimen155
\pgf@xy=\dimen156
\pgf@yx=\dimen157
\pgf@yy=\dimen158
\pgf@zx=\dimen159
\pgf@zy=\dimen160
)
("C:\Program Files\MiKTeX 2.9\tex\generic\pgf\basiclayer\pgfcorepathconstruct.c
ode.tex"
File: pgfcorepathconstruct.code.tex 2013/10/07  (rcs-revision 1.29)
\pgf@path@lastx=\dimen161
\pgf@path@lasty=\dimen162
)
("C:\Program Files\MiKTeX 2.9\tex\generic\pgf\basiclayer\pgfcorepathusage.code.
tex"
File: pgfcorepathusage.code.tex 2013/12/13  (rcs-revision 1.23)
\pgf@shorten@end@additional=\dimen163
\pgf@shorten@start@additional=\dimen164
)
("C:\Program Files\MiKTeX 2.9\tex\generic\pgf\basiclayer\pgfcorescopes.code.tex
"
File: pgfcorescopes.code.tex 2013/10/09  (rcs-revision 1.44)
\pgfpic=\box38
\pgf@hbox=\box39
\pgf@layerbox@main=\box40
\pgf@picture@serial@count=\count135
)
("C:\Program Files\MiKTeX 2.9\tex\generic\pgf\basiclayer\pgfcoregraphicstate.co
de.tex"
File: pgfcoregraphicstate.code.tex 2013/09/19  (rcs-revision 1.11)
\pgflinewidth=\dimen165
)
("C:\Program Files\MiKTeX 2.9\tex\generic\pgf\basiclayer\pgfcoretransformations
.code.tex"
File: pgfcoretransformations.code.tex 2013/10/10  (rcs-revision 1.17)
\pgf@pt@x=\dimen166
\pgf@pt@y=\dimen167
\pgf@pt@temp=\dimen168
)
("C:\Program Files\MiKTeX 2.9\tex\generic\pgf\basiclayer\pgfcorequick.code.tex"
File: pgfcorequick.code.tex 2008/10/09  (rcs-revision 1.3)
)
("C:\Program Files\MiKTeX 2.9\tex\generic\pgf\basiclayer\pgfcoreobjects.code.te
x"
File: pgfcoreobjects.code.tex 2006/10/11  (rcs-revision 1.2)
)
("C:\Program Files\MiKTeX 2.9\tex\generic\pgf\basiclayer\pgfcorepathprocessing.
code.tex"
File: pgfcorepathprocessing.code.tex 2013/09/09  (rcs-revision 1.9)
)
("C:\Program Files\MiKTeX 2.9\tex\generic\pgf\basiclayer\pgfcorearrows.code.tex
"
File: pgfcorearrows.code.tex 2013/11/07  (rcs-revision 1.40)
\pgfarrowsep=\dimen169
)
("C:\Program Files\MiKTeX 2.9\tex\generic\pgf\basiclayer\pgfcoreshade.code.tex"
File: pgfcoreshade.code.tex 2013/07/15  (rcs-revision 1.15)
\pgf@max=\dimen170
\pgf@sys@shading@range@num=\count136
) ("C:\Program Files\MiKTeX 2.9\tex\generic\pgf\basiclayer\pgfcoreimage.code.te
x"
File: pgfcoreimage.code.tex 2013/07/15  (rcs-revision 1.18)

("C:\Program Files\MiKTeX 2.9\tex\generic\pgf\basiclayer\pgfcoreexternal.code.t
ex"
File: pgfcoreexternal.code.tex 2013/07/15  (rcs-revision 1.20)
\pgfexternal@startupbox=\box41
))
("C:\Program Files\MiKTeX 2.9\tex\generic\pgf\basiclayer\pgfcorelayers.code.tex
"
File: pgfcorelayers.code.tex 2013/07/18  (rcs-revision 1.7)
)
("C:\Program Files\MiKTeX 2.9\tex\generic\pgf\basiclayer\pgfcoretransparency.co
de.tex"
File: pgfcoretransparency.code.tex 2013/09/30  (rcs-revision 1.5)
)
("C:\Program Files\MiKTeX 2.9\tex\generic\pgf\basiclayer\pgfcorepatterns.code.t
ex"
File: pgfcorepatterns.code.tex 2013/11/07  (rcs-revision 1.5)
)))
("C:\Program Files\MiKTeX 2.9\tex\generic\pgf\modules\pgfmoduleshapes.code.tex"
File: pgfmoduleshapes.code.tex 2013/10/31  (rcs-revision 1.34)
\pgfnodeparttextbox=\box42
) ("C:\Program Files\MiKTeX 2.9\tex\generic\pgf\modules\pgfmoduleplot.code.tex"
File: pgfmoduleplot.code.tex 2013/07/31  (rcs-revision 1.12)
)
("C:\Program Files\MiKTeX 2.9\tex\latex\pgf\compatibility\pgfcomp-version-0-65.
sty"
Package: pgfcomp-version-0-65 2007/07/03 v3.0.0 (rcs-revision 1.7)
\pgf@nodesepstart=\dimen171
\pgf@nodesepend=\dimen172
)
("C:\Program Files\MiKTeX 2.9\tex\latex\pgf\compatibility\pgfcomp-version-1-18.
sty"
Package: pgfcomp-version-1-18 2007/07/23 v3.0.0 (rcs-revision 1.1)
)) ("C:\Program Files\MiKTeX 2.9\tex\latex\pgf\utilities\pgfpages.sty"
Package: pgfpages 2011/01/05 ver 0.02
\pgf@logicalpages=\count137
\pgf@firstshipout=\count138
\pgf@lastshipout=\count139
\pgf@currentshipout=\count140
\pgf@cpn=\count141
\pgf@shipoutnextto=\count142
\pgfphysicalheight=\dimen173
\pgfphysicalwidth=\dimen174
\pgfpages@shipoutbox=\box43
)
\pgfpages@box@1=\box44

(C:\Users\Quentin\Documents\pays\Docs\finalreport\report.aux)
LaTeX Font Info:    Checking defaults for OML/cmm/m/it on input line 109.
LaTeX Font Info:    ... okay on input line 109.
LaTeX Font Info:    Checking defaults for T1/cmr/m/n on input line 109.
LaTeX Font Info:    ... okay on input line 109.
LaTeX Font Info:    Checking defaults for OT1/cmr/m/n on input line 109.
LaTeX Font Info:    ... okay on input line 109.
LaTeX Font Info:    Checking defaults for OMS/pzccm/m/n on input line 109.
LaTeX Font Info:    Try loading font information for OMS+pzccm on input line 10
9.

("C:\Program Files\MiKTeX 2.9\tex\latex\psnfss\omspzccm.fd"
File: omspzccm.fd 2000/01/03 Fontinst v1.801 font definitions for OMS/pzccm.
)
LaTeX Font Info:    ... okay on input line 109.
LaTeX Font Info:    Checking defaults for OMX/cmex/m/n on input line 109.
LaTeX Font Info:    ... okay on input line 109.
LaTeX Font Info:    Checking defaults for U/cmr/m/n on input line 109.
LaTeX Font Info:    ... okay on input line 109.
LaTeX Font Info:    Checking defaults for PD1/pdf/m/n on input line 109.
LaTeX Font Info:    ... okay on input line 109.

*geometry* driver: auto-detecting
*geometry* detected driver: pdftex
*geometry* verbose mode - [ preamble ] result:
* driver: pdftex
* paper: a4paper
* layout: <same size as paper>
* layoutoffset:(h,v)=(0.0pt,0.0pt)
* modes: 
* h-part:(L,W,R)=(57.81621pt, 481.87546pt, 57.81621pt)
* v-part:(T,H,B)=(50.58878pt, 743.8693pt, 50.58878pt)
* \paperwidth=597.50787pt
* \paperheight=845.04684pt
* \textwidth=481.87546pt
* \textheight=743.8693pt
* \oddsidemargin=-14.45378pt
* \evensidemargin=-14.45378pt
* \topmargin=-58.68121pt
* \headheight=12.0pt
* \headsep=25.0pt
* \topskip=12.0pt
* \footskip=30.0pt
* \marginparwidth=35.0pt
* \marginparsep=10.0pt
* \columnsep=10.0pt
* \skip\footins=10.8pt plus 4.0pt minus 2.0pt
* \hoffset=0.0pt
* \voffset=0.0pt
* \mag=1000
* \@twocolumnfalse
* \@twosidefalse
* \@mparswitchfalse
* \@reversemarginfalse
* (1in=72.27pt=25.4mm, 1cm=28.453pt)

("C:\Program Files\MiKTeX 2.9\tex\context\base\supp-pdf.mkii"
[Loading MPS to PDF converter (version 2006.09.02).]
\scratchcounter=\count143
\scratchdimen=\dimen175
\scratchbox=\box45
\nofMPsegments=\count144
\nofMParguments=\count145
\everyMPshowfont=\toks35
\MPscratchCnt=\count146
\MPscratchDim=\dimen176
\MPnumerator=\count147
\makeMPintoPDFobject=\count148
\everyMPtoPDFconversion=\toks36
)
\AtBeginShipoutBox=\box46
Package hyperref Info: Link coloring OFF on input line 109.
 ("C:\Program Files\MiKTeX 2.9\tex\latex\hyperref\nameref.sty"
Package: nameref 2012/10/27 v2.43 Cross-referencing by name of section

("C:\Program Files\MiKTeX 2.9\tex\generic\oberdiek\gettitlestring.sty"
Package: gettitlestring 2010/12/03 v1.4 Cleanup title references (HO)
)
\c@section@level=\count149
)
LaTeX Info: Redefining \ref on input line 109.
LaTeX Info: Redefining \pageref on input line 109.
LaTeX Info: Redefining \nameref on input line 109.

(C:\Users\Quentin\Documents\pays\Docs\finalreport\report.out)
(C:\Users\Quentin\Documents\pays\Docs\finalreport\report.out)
\@outlinefile=\write4
LaTeX Info: Redefining \degres on input line 109.
LaTeX Info: Redefining \dots on input line 109.
LaTeX Info: Redefining \up on input line 109.
\c@lstlisting=\count150
Package caption Info: Begin \AtBeginDocument code.
Package caption Info: End \AtBeginDocument code.

ABD: EveryShipout initializing macros
(C:\Users\Quentin\Documents\pays\Docs\finalreport\project/cover.tex
LaTeX Font Info:    Font shape `T1/ptm/bx/n' in size <17.28> not available
(Font)              Font shape `T1/ptm/b/n' tried instead on input line 4.
LaTeX Font Info:    Font shape `T1/ptm/bx/n' in size <14.4> not available
(Font)              Font shape `T1/ptm/b/n' tried instead on input line 4.
LaTeX Font Info:    Font shape `T1/ptm/bx/sc' in size <20.74> not available
(Font)              Font shape `T1/ptm/b/sc' tried instead on input line 5.
LaTeX Font Info:    Font shape `T1/ptm/bx/n' in size <20.74> not available
(Font)              Font shape `T1/ptm/b/n' tried instead on input line 8.
LaTeX Font Info:    Try loading font information for OT1+ptmcm on input line 17
.

("C:\Program Files\MiKTeX 2.9\tex\latex\psnfss\ot1ptmcm.fd"
File: ot1ptmcm.fd 2000/01/03 Fontinst v1.801 font definitions for OT1/ptmcm.
)
LaTeX Font Info:    Try loading font information for OML+ptmcm on input line 17
.

("C:\Program Files\MiKTeX 2.9\tex\latex\psnfss\omlptmcm.fd"
File: omlptmcm.fd 2000/01/03 Fontinst v1.801 font definitions for OML/ptmcm.
)
LaTeX Font Info:    Try loading font information for OMX+psycm on input line 17
.

("C:\Program Files\MiKTeX 2.9\tex\latex\psnfss\omxpsycm.fd"
File: omxpsycm.fd 2000/01/03 Fontinst v1.801 font definitions for OMX/psycm.
)
LaTeX Font Info:    Font shape `OT1/ptm/bx/n' in size <17.28> not available
(Font)              Font shape `OT1/ptm/b/n' tried instead on input line 17.
LaTeX Font Info:    Font shape `OT1/ptm/bx/n' in size <12> not available
(Font)              Font shape `OT1/ptm/b/n' tried instead on input line 17.
LaTeX Font Info:    Font shape `OT1/ptm/bx/n' in size <10> not available
(Font)              Font shape `OT1/ptm/b/n' tried instead on input line 17.
)
(C:\Users\Quentin\Documents\pays\Docs\finalreport\project/title.tex
LaTeX Font Info:    Font shape `T1/ptm/bx/sc' in size <17.28> not available
(Font)              Font shape `T1/ptm/b/sc' tried instead on input line 5.

<project/images/logo-lipn.png, id=146, 283.89471pt x 202.22636pt>
File: project/images/logo-lipn.png Graphic file (type png)

<use project/images/logo-lipn.png>
Package pdftex.def Info: project/images/logo-lipn.png used on input line 21.
(pdftex.def)             Requested size: 70.9735pt x 50.55646pt.

<project/images/logoUP13.jpg, id=147, 1034.86626pt x 392.46625pt>
File: project/images/logoUP13.jpg Graphic file (type jpg)

<use project/images/logoUP13.jpg>
Package pdftex.def Info: project/images/logoUP13.jpg used on input line 23.
(pdftex.def)             Requested size: 258.71593pt x 98.11632pt.
 [1

{C:/ProgramData/MiKTeX/2.9/pdftex/config/pdftex.map}])
(C:\Users\Quentin\Documents\pays\Docs\finalreport\project/acknowledgements.tex
LaTeX Font Info:    Font shape `T1/ptm/bx/n' in size <12> not available
(Font)              Font shape `T1/ptm/b/n' tried instead on input line 6.

[2pdfTeX warning (ext4): destination with the same identifier (name{page.1}) ha
s been already used, duplicate ignored

\pgfpages@shipoutshipoutbox ...physicalpagesizes }
                                                  \endgroup 
l.19 \newpage
              <C:/Users/Quentin/Documents/pays/Docs/finalreport/project/images/
logo-lipn.png> <C:/Users/Quentin/Documents/pays/Docs/finalreport/project/images
/logoUP13.jpg>])
(C:\Users\Quentin\Documents\pays\Docs\finalreport\project/abstract.tex)
[3]
LaTeX Font Info:    Font shape `T1/ptm/bx/n' in size <24.88> not available
(Font)              Font shape `T1/ptm/b/n' tried instead on input line 133.
 (C:\Users\Quentin\Documents\pays\Docs\finalreport\report.toc
LaTeX Font Info:    Font shape `OT1/ptm/bx/n' in size <14.4> not available
(Font)              Font shape `OT1/ptm/b/n' tried instead on input line 14.
LaTeX Font Info:    Font shape `OT1/ptm/bx/n' in size <10.95> not available
(Font)              Font shape `OT1/ptm/b/n' tried instead on input line 14.
LaTeX Font Info:    Font shape `OT1/ptm/bx/n' in size <8> not available
(Font)              Font shape `OT1/ptm/b/n' tried instead on input line 14.
 [4])
\tf@toc=\write5
 [5

]
(C:\Users\Quentin\Documents\pays\Docs\finalreport\report.lof)
\tf@lof=\write6
 [6]
(C:\Users\Quentin\Documents\pays\Docs\finalreport\project/introduction.tex
Chapitre 1.

Overfull \hbox (2.0311pt too wide) in paragraph at lines 4--7
\T1/ptm/m/n/14.4 Il est obli-ga-toire de faire de longues re-cherches et les in
-for-ma-tions ré-cu-pé-rées doivent
 []


Underfull \hbox (badness 10000) in paragraph at lines 4--7

 []

) (C:\Users\Quentin\Documents\pays\Docs\finalreport\project/srs.tex

Package Fancyhdr Warning: \headheight is too small (12.0pt): 
 Make it at least 14.49998pt.
 We now make it that large for the rest of the document.
 This may cause the page layout to be inconsistent, however.

[7

]
Chapitre 2.

Underfull \hbox (badness 10000) in paragraph at lines 4--8

 []


Underfull \hbox (badness 10000) in paragraph at lines 9--11

 []


Underfull \hbox (badness 10000) in paragraph at lines 13--16

 []


Package Fancyhdr Warning: \headheight is too small (12.0pt): 
 Make it at least 14.49998pt.
 We now make it that large for the rest of the document.
 This may cause the page layout to be inconsistent, however.

[8

]
Underfull \hbox (badness 10000) in paragraph at lines 17--19

 []


Underfull \hbox (badness 10000) in paragraph at lines 21--24

 []


Underfull \hbox (badness 10000) in paragraph at lines 25--27

 []


Underfull \hbox (badness 10000) in paragraph at lines 29--32

 []


Package Fancyhdr Warning: \headheight is too small (12.0pt): 
 Make it at least 14.49998pt.
 We now make it that large for the rest of the document.
 This may cause the page layout to be inconsistent, however.

[9

]
Underfull \hbox (badness 10000) in paragraph at lines 33--34

 []


Underfull \hbox (badness 10000) in paragraph at lines 35--37

 []


Underfull \hbox (badness 10000) in paragraph at lines 38--39

 []


Underfull \hbox (badness 10000) in paragraph at lines 41--43

 []


Underfull \hbox (badness 10000) in paragraph at lines 44--46

 []


Underfull \hbox (badness 10000) in paragraph at lines 48--53

 []


Package Fancyhdr Warning: \headheight is too small (12.0pt): 
 Make it at least 14.49998pt.
 We now make it that large for the rest of the document.
 This may cause the page layout to be inconsistent, however.

[10]
Underfull \hbox (badness 10000) in paragraph at lines 55--59

 []

) (C:\Users\Quentin\Documents\pays\Docs\finalreport\project/req-analysis.tex
Overfull \hbox (6.5951pt too wide) in paragraph at lines 61--1
\T1/ptm/m/n/14.4 Il per-met ainsi de tes-ter cer-taines par-ties pré-cises des 
ap-pli-ca-tion pour dé-téc-ter d'éven-
 []


Underfull \hbox (badness 10000) in paragraph at lines 61--1

 []


Package Fancyhdr Warning: \headheight is too small (12.0pt): 
 Make it at least 14.49998pt.
 We now make it that large for the rest of the document.
 This may cause the page layout to be inconsistent, however.

[11]
Chapitre 3.

Underfull \hbox (badness 10000) in paragraph at lines 3--7

 []

) (C:\Users\Quentin\Documents\pays\Docs\finalreport\project/system-design.tex
Underfull \hbox (badness 10000) in paragraph at lines 8--1

 []


Package Fancyhdr Warning: \headheight is too small (12.0pt): 
 Make it at least 14.49998pt.
 We now make it that large for the rest of the document.
 This may cause the page layout to be inconsistent, however.

[12]
Chapitre 4.

Underfull \hbox (badness 10000) in paragraph at lines 3--8

 []

<project/images/webservice2.png, id=268, 178.485pt x 104.025pt>
File: project/images/webservice2.png Graphic file (type png)

<use project/images/webservice2.png>
Package pdftex.def Info: project/images/webservice2.png used on input line 12.
(pdftex.def)             Requested size: 426.82854pt x 284.59497pt.
LaTeX Font Info:    Font shape `T1/ptm/bx/n' in size <10.95> not available
(Font)              Font shape `T1/ptm/b/n' tried instead on input line 13.
LaTeX Font Info:    Font shape `T1/ptm/bx/sc' in size <10.95> not available
(Font)              Font shape `T1/ptm/b/sc' tried instead on input line 13.
)
(C:\Users\Quentin\Documents\pays\Docs\finalreport\project/testing.tex

Package Fancyhdr Warning: \headheight is too small (12.0pt): 
 Make it at least 14.49998pt.
 We now make it that large for the rest of the document.
 This may cause the page layout to be inconsistent, however.

[13

]

Package Fancyhdr Warning: \headheight is too small (12.0pt): 
 Make it at least 14.49998pt.
 We now make it that large for the rest of the document.
 This may cause the page layout to be inconsistent, however.

[14

]
Chapitre 5.

(C:\Users\Quentin\Documents\pays\Docs\finalreport\project/code/PaysClientTest.j
ava
LaTeX Font Info:    Font shape `OMS/ptm/m/n' in size <10> not available
(Font)              Font shape `OMS/pzccm/m/n' tried instead on input line 47.


Package Fancyhdr Warning: \headheight is too small (12.0pt): 
 Make it at least 14.49998pt.
 We now make it that large for the rest of the document.
 This may cause the page layout to be inconsistent, however.

[15 <C:/Users/Quentin/Documents/pays/Docs/finalreport/project/images/webservice
2.png>]

Package Fancyhdr Warning: \headheight is too small (12.0pt): 
 Make it at least 14.49998pt.
 We now make it that large for the rest of the document.
 This may cause the page layout to be inconsistent, however.

[16

])
(C:\Users\Quentin\Documents\pays\Docs\finalreport\project/code/TestJDBCWS.java

Package Fancyhdr Warning: \headheight is too small (12.0pt): 
 Make it at least 14.49998pt.
 We now make it that large for the rest of the document.
 This may cause the page layout to be inconsistent, however.

[17]
LaTeX Font Info:    Font shape `OT1/ptm/bx/n' in size <7.4> not available
(Font)              Font shape `OT1/ptm/b/n' tried instead on input line 109.
LaTeX Font Info:    Font shape `OT1/ptm/bx/n' in size <6> not available
(Font)              Font shape `OT1/ptm/b/n' tried instead on input line 109.
)

Package Fancyhdr Warning: \headheight is too small (12.0pt): 
 Make it at least 14.49998pt.
 We now make it that large for the rest of the document.
 This may cause the page layout to be inconsistent, however.

[18]
(C:\Users\Quentin\Documents\pays\Docs\finalreport\project/code/TestJDBC.java

Package Fancyhdr Warning: \headheight is too small (12.0pt): 
 Make it at least 14.49998pt.
 We now make it that large for the rest of the document.
 This may cause the page layout to be inconsistent, however.

[19]

Package Fancyhdr Warning: \headheight is too small (12.0pt): 
 Make it at least 14.49998pt.
 We now make it that large for the rest of the document.
 This may cause the page layout to be inconsistent, however.

[20])) (C:\Users\Quentin\Documents\pays\Docs\finalreport\project/planning.tex

Package Fancyhdr Warning: \headheight is too small (12.0pt): 
 Make it at least 14.49998pt.
 We now make it that large for the rest of the document.
 This may cause the page layout to be inconsistent, however.

[21]
Chapitre 6.
<project/images/Image8.png, id=579, 1059.20718pt x 557.08125pt>
File: project/images/Image8.png Graphic file (type png)

<use project/images/Image8.png>
Package pdftex.def Info: project/images/Image8.png used on input line 6.
(pdftex.def)             Requested size: 426.79468pt x 284.5327pt.
)
(C:\Users\Quentin\Documents\pays\Docs\finalreport\project/implementation.tex
Underfull \hbox (badness 10000) in paragraph at lines 3--1

 []


Package Fancyhdr Warning: \headheight is too small (12.0pt): 
 Make it at least 14.49998pt.
 We now make it that large for the rest of the document.
 This may cause the page layout to be inconsistent, however.

[22]
Chapitre 7.

Underfull \hbox (badness 10000) in paragraph at lines 3--12

 []


Underfull \hbox (badness 10000) in paragraph at lines 14--19

 []


Package Fancyhdr Warning: \headheight is too small (12.0pt): 
 Make it at least 14.49998pt.
 We now make it that large for the rest of the document.
 This may cause the page layout to be inconsistent, however.

[23

 <C:/Users/Quentin/Documents/pays/Docs/finalreport/project/images/Image8.png>]
Underfull \hbox (badness 10000) in paragraph at lines 25--33

 []


Package Fancyhdr Warning: \headheight is too small (12.0pt): 
 Make it at least 14.49998pt.
 We now make it that large for the rest of the document.
 This may cause the page layout to be inconsistent, however.

[24

]) (C:\Users\Quentin\Documents\pays\Docs\finalreport\project/conclusion.tex
Chapitre 8.

Underfull \hbox (badness 10000) in paragraph at lines 3--4

 []

) (C:\Users\Quentin\Documents\pays\Docs\finalreport\project/ref.tex

Package Fancyhdr Warning: \headheight is too small (12.0pt): 
 Make it at least 14.49998pt.
 We now make it that large for the rest of the document.
 This may cause the page layout to be inconsistent, however.

[25]
Underfull \hbox (badness 10000) in paragraph at lines 7--8
[][]$\T1/pcr/m/n/14.4 https : / / lipn . univ-[]paris13 . fr / ~fortier / Wiki 
/ index . php ? n =$
 []

) (C:\Users\Quentin\Documents\pays\Docs\finalreport\project/appendix.tex

Package Fancyhdr Warning: \headheight is too small (12.0pt): 
 Make it at least 14.49998pt.
 We now make it that large for the rest of the document.
 This may cause the page layout to be inconsistent, however.

[26

]
Annexe A.

Package hyperref Warning: Token not allowed in a PDF string (PDFDocEncoding):
(hyperref)                removing `\\' on input line 3.

<project/images/documentation-Cdc.pdf, id=647, 597.50829pt x 845.0471pt>
File: project/images/documentation-Cdc.pdf Graphic file (type pdf)

<use project/images/documentation-Cdc.pdf>
Package pdftex.def Info: project/images/documentation-Cdc.pdf used on input lin
e 6.
(pdftex.def)             Requested size: 597.50682pt x 845.04504pt.
File: project/images/documentation-Cdc.pdf Graphic file (type pdf)

<use project/images/documentation-Cdc.pdf>
Package pdftex.def Info: project/images/documentation-Cdc.pdf used on input lin
e 6.
(pdftex.def)             Requested size: 597.50682pt x 845.04504pt.


Package Fancyhdr Warning: \headheight is too small (12.0pt): 
 Make it at least 14.49998pt.
 We now make it that large for the rest of the document.
 This may cause the page layout to be inconsistent, however.

[27

]
<project/images/documentation-Cdc.pdf, id=662, page=1, 597.50829pt x 845.0471pt
>
File: project/images/documentation-Cdc.pdf Graphic file (type pdf)
 <use project/images/documentation-Cdc.pdf, page 1>
Package pdftex.def Info: project/images/documentation-Cdc.pdf, page1 used on in
put line 6.
(pdftex.def)             Requested size: 597.50682pt x 845.04504pt.
File: project/images/documentation-Cdc.pdf Graphic file (type pdf)

<use project/images/documentation-Cdc.pdf, page 1>
Package pdftex.def Info: project/images/documentation-Cdc.pdf, page1 used on in
put line 6.
(pdftex.def)             Requested size: 597.53416pt x 845.08372pt.
File: project/images/documentation-Cdc.pdf Graphic file (type pdf)

<use project/images/documentation-Cdc.pdf, page 1>
Package pdftex.def Info: project/images/documentation-Cdc.pdf, page1 used on in
put line 6.
(pdftex.def)             Requested size: 597.53416pt x 845.08372pt.
File: project/images/documentation-Cdc.pdf Graphic file (type pdf)

<use project/images/documentation-Cdc.pdf, page 1>
Package pdftex.def Info: project/images/documentation-Cdc.pdf, page1 used on in
put line 6.
(pdftex.def)             Requested size: 597.53416pt x 845.08372pt.
File: project/images/documentation-Cdc.pdf Graphic file (type pdf)

<use project/images/documentation-Cdc.pdf, page 1>
Package pdftex.def Info: project/images/documentation-Cdc.pdf, page1 used on in
put line 6.
(pdftex.def)             Requested size: 597.53416pt x 845.08372pt.
 [28

]
<project/images/documentation-Cdc.pdf, id=667, page=2, 597.50829pt x 845.0471pt
>
File: project/images/documentation-Cdc.pdf Graphic file (type pdf)
 <use project/images/documentation-Cdc.pdf, page 2>
Package pdftex.def Info: project/images/documentation-Cdc.pdf, page2 used on in
put line 6.
(pdftex.def)             Requested size: 597.53416pt x 845.08372pt.
File: project/images/documentation-Cdc.pdf Graphic file (type pdf)

<use project/images/documentation-Cdc.pdf, page 2>
Package pdftex.def Info: project/images/documentation-Cdc.pdf, page2 used on in
put line 6.
(pdftex.def)             Requested size: 597.53416pt x 845.08372pt.
File: project/images/documentation-Cdc.pdf Graphic file (type pdf)

<use project/images/documentation-Cdc.pdf, page 2>
Package pdftex.def Info: project/images/documentation-Cdc.pdf, page2 used on in
put line 6.
(pdftex.def)             Requested size: 597.53416pt x 845.08372pt.
 [29 <C:/Users/Quentin/Documents/pays/Docs/finalreport/project/images/documenta
tion-Cdc.pdf>]
<project/images/documentation-Cdc.pdf, id=683, page=3, 597.50829pt x 845.0471pt
>
File: project/images/documentation-Cdc.pdf Graphic file (type pdf)
 <use project/images/documentation-Cdc.pdf, page 3>
Package pdftex.def Info: project/images/documentation-Cdc.pdf, page3 used on in
put line 6.
(pdftex.def)             Requested size: 597.53416pt x 845.08372pt.
File: project/images/documentation-Cdc.pdf Graphic file (type pdf)

<use project/images/documentation-Cdc.pdf, page 3>
Package pdftex.def Info: project/images/documentation-Cdc.pdf, page3 used on in
put line 6.
(pdftex.def)             Requested size: 597.53416pt x 845.08372pt.
File: project/images/documentation-Cdc.pdf Graphic file (type pdf)

<use project/images/documentation-Cdc.pdf, page 3>
Package pdftex.def Info: project/images/documentation-Cdc.pdf, page3 used on in
put line 6.
(pdftex.def)             Requested size: 597.53416pt x 845.08372pt.
 [30 <C:/Users/Quentin/Documents/pays/Docs/finalreport/project/images/documenta
tion-Cdc.pdf>]
<project/images/documentation-Cdc.pdf, id=688, page=4, 597.50829pt x 845.0471pt
>
File: project/images/documentation-Cdc.pdf Graphic file (type pdf)
 <use project/images/documentation-Cdc.pdf, page 4>
Package pdftex.def Info: project/images/documentation-Cdc.pdf, page4 used on in
put line 6.
(pdftex.def)             Requested size: 597.53416pt x 845.08372pt.
File: project/images/documentation-Cdc.pdf Graphic file (type pdf)

<use project/images/documentation-Cdc.pdf, page 4>
Package pdftex.def Info: project/images/documentation-Cdc.pdf, page4 used on in
put line 6.
(pdftex.def)             Requested size: 597.53416pt x 845.08372pt.
File: project/images/documentation-Cdc.pdf Graphic file (type pdf)

<use project/images/documentation-Cdc.pdf, page 4>
Package pdftex.def Info: project/images/documentation-Cdc.pdf, page4 used on in
put line 6.
(pdftex.def)             Requested size: 597.53416pt x 845.08372pt.
 [31 <C:/Users/Quentin/Documents/pays/Docs/finalreport/project/images/documenta
tion-Cdc.pdf>]
<project/images/documentation-Cdc.pdf, id=699, page=5, 597.50829pt x 845.0471pt
>
File: project/images/documentation-Cdc.pdf Graphic file (type pdf)
 <use project/images/documentation-Cdc.pdf, page 5>
Package pdftex.def Info: project/images/documentation-Cdc.pdf, page5 used on in
put line 6.
(pdftex.def)             Requested size: 597.53416pt x 845.08372pt.
File: project/images/documentation-Cdc.pdf Graphic file (type pdf)

<use project/images/documentation-Cdc.pdf, page 5>
Package pdftex.def Info: project/images/documentation-Cdc.pdf, page5 used on in
put line 6.
(pdftex.def)             Requested size: 597.53416pt x 845.08372pt.
File: project/images/documentation-Cdc.pdf Graphic file (type pdf)

<use project/images/documentation-Cdc.pdf, page 5>
Package pdftex.def Info: project/images/documentation-Cdc.pdf, page5 used on in
put line 6.
(pdftex.def)             Requested size: 597.53416pt x 845.08372pt.
 [32 <C:/Users/Quentin/Documents/pays/Docs/finalreport/project/images/documenta
tion-Cdc.pdf>]
<project/images/documentation-Cdc.pdf, id=709, page=6, 597.50829pt x 845.0471pt
>
File: project/images/documentation-Cdc.pdf Graphic file (type pdf)
 <use project/images/documentation-Cdc.pdf, page 6>
Package pdftex.def Info: project/images/documentation-Cdc.pdf, page6 used on in
put line 6.
(pdftex.def)             Requested size: 597.53416pt x 845.08372pt.
File: project/images/documentation-Cdc.pdf Graphic file (type pdf)

<use project/images/documentation-Cdc.pdf, page 6>
Package pdftex.def Info: project/images/documentation-Cdc.pdf, page6 used on in
put line 6.
(pdftex.def)             Requested size: 597.53416pt x 845.08372pt.
File: project/images/documentation-Cdc.pdf Graphic file (type pdf)

<use project/images/documentation-Cdc.pdf, page 6>
Package pdftex.def Info: project/images/documentation-Cdc.pdf, page6 used on in
put line 6.
(pdftex.def)             Requested size: 597.53416pt x 845.08372pt.
 [33 <C:/Users/Quentin/Documents/pays/Docs/finalreport/project/images/documenta
tion-Cdc.pdf>]
<project/images/documentation-Cdc.pdf, id=714, page=7, 597.50829pt x 845.0471pt
>
File: project/images/documentation-Cdc.pdf Graphic file (type pdf)
 <use project/images/documentation-Cdc.pdf, page 7>
Package pdftex.def Info: project/images/documentation-Cdc.pdf, page7 used on in
put line 6.
(pdftex.def)             Requested size: 597.53416pt x 845.08372pt.
File: project/images/documentation-Cdc.pdf Graphic file (type pdf)

<use project/images/documentation-Cdc.pdf, page 7>
Package pdftex.def Info: project/images/documentation-Cdc.pdf, page7 used on in
put line 6.
(pdftex.def)             Requested size: 597.53416pt x 845.08372pt.
File: project/images/documentation-Cdc.pdf Graphic file (type pdf)

<use project/images/documentation-Cdc.pdf, page 7>
Package pdftex.def Info: project/images/documentation-Cdc.pdf, page7 used on in
put line 6.
(pdftex.def)             Requested size: 597.53416pt x 845.08372pt.
 [34 <C:/Users/Quentin/Documents/pays/Docs/finalreport/project/images/documenta
tion-Cdc.pdf>]
<project/images/documentation-Cdc.pdf, id=719, page=8, 597.50829pt x 845.0471pt
>
File: project/images/documentation-Cdc.pdf Graphic file (type pdf)
 <use project/images/documentation-Cdc.pdf, page 8>
Package pdftex.def Info: project/images/documentation-Cdc.pdf, page8 used on in
put line 6.
(pdftex.def)             Requested size: 597.53416pt x 845.08372pt.
File: project/images/documentation-Cdc.pdf Graphic file (type pdf)

<use project/images/documentation-Cdc.pdf, page 8>
Package pdftex.def Info: project/images/documentation-Cdc.pdf, page8 used on in
put line 6.
(pdftex.def)             Requested size: 597.53416pt x 845.08372pt.
File: project/images/documentation-Cdc.pdf Graphic file (type pdf)

<use project/images/documentation-Cdc.pdf, page 8>
Package pdftex.def Info: project/images/documentation-Cdc.pdf, page8 used on in
put line 6.
(pdftex.def)             Requested size: 597.53416pt x 845.08372pt.
 [35 <C:/Users/Quentin/Documents/pays/Docs/finalreport/project/images/documenta
tion-Cdc.pdf>]
<project/images/documentation-Cdc.pdf, id=724, page=9, 597.50829pt x 845.0471pt
>
File: project/images/documentation-Cdc.pdf Graphic file (type pdf)
 <use project/images/documentation-Cdc.pdf, page 9>
Package pdftex.def Info: project/images/documentation-Cdc.pdf, page9 used on in
put line 6.
(pdftex.def)             Requested size: 597.53416pt x 845.08372pt.
File: project/images/documentation-Cdc.pdf Graphic file (type pdf)

<use project/images/documentation-Cdc.pdf, page 9>
Package pdftex.def Info: project/images/documentation-Cdc.pdf, page9 used on in
put line 6.
(pdftex.def)             Requested size: 597.53416pt x 845.08372pt.
File: project/images/documentation-Cdc.pdf Graphic file (type pdf)

<use project/images/documentation-Cdc.pdf, page 9>
Package pdftex.def Info: project/images/documentation-Cdc.pdf, page9 used on in
put line 6.
(pdftex.def)             Requested size: 597.53416pt x 845.08372pt.
 [36 <C:/Users/Quentin/Documents/pays/Docs/finalreport/project/images/documenta
tion-Cdc.pdf>]
<project/images/documentation-Cdc.pdf, id=729, page=10, 597.50829pt x 845.0471p
t>
File: project/images/documentation-Cdc.pdf Graphic file (type pdf)
 <use project/images/documentation-Cdc.pdf, page 10>
Package pdftex.def Info: project/images/documentation-Cdc.pdf, page10 used on i
nput line 6.
(pdftex.def)             Requested size: 597.53416pt x 845.08372pt.
File: project/images/documentation-Cdc.pdf Graphic file (type pdf)

<use project/images/documentation-Cdc.pdf, page 10>
Package pdftex.def Info: project/images/documentation-Cdc.pdf, page10 used on i
nput line 6.
(pdftex.def)             Requested size: 597.53416pt x 845.08372pt.
File: project/images/documentation-Cdc.pdf Graphic file (type pdf)

<use project/images/documentation-Cdc.pdf, page 10>
Package pdftex.def Info: project/images/documentation-Cdc.pdf, page10 used on i
nput line 6.
(pdftex.def)             Requested size: 597.53416pt x 845.08372pt.
 [37 <C:/Users/Quentin/Documents/pays/Docs/finalreport/project/images/documenta
tion-Cdc.pdf>]
<project/images/documentation-Cdc.pdf, id=738, page=11, 597.50829pt x 845.0471p
t>
File: project/images/documentation-Cdc.pdf Graphic file (type pdf)
 <use project/images/documentation-Cdc.pdf, page 11>
Package pdftex.def Info: project/images/documentation-Cdc.pdf, page11 used on i
nput line 6.
(pdftex.def)             Requested size: 597.53416pt x 845.08372pt.
File: project/images/documentation-Cdc.pdf Graphic file (type pdf)

<use project/images/documentation-Cdc.pdf, page 11>
Package pdftex.def Info: project/images/documentation-Cdc.pdf, page11 used on i
nput line 6.
(pdftex.def)             Requested size: 597.53416pt x 845.08372pt.
File: project/images/documentation-Cdc.pdf Graphic file (type pdf)

<use project/images/documentation-Cdc.pdf, page 11>
Package pdftex.def Info: project/images/documentation-Cdc.pdf, page11 used on i
nput line 6.
(pdftex.def)             Requested size: 597.53416pt x 845.08372pt.
 [38 <C:/Users/Quentin/Documents/pays/Docs/finalreport/project/images/documenta
tion-Cdc.pdf>]
<project/images/documentation-Cdc.pdf, id=748, page=12, 597.50829pt x 845.0471p
t>
File: project/images/documentation-Cdc.pdf Graphic file (type pdf)
 <use project/images/documentation-Cdc.pdf, page 12>
Package pdftex.def Info: project/images/documentation-Cdc.pdf, page12 used on i
nput line 6.
(pdftex.def)             Requested size: 597.53416pt x 845.08372pt.
File: project/images/documentation-Cdc.pdf Graphic file (type pdf)

<use project/images/documentation-Cdc.pdf, page 12>
Package pdftex.def Info: project/images/documentation-Cdc.pdf, page12 used on i
nput line 6.
(pdftex.def)             Requested size: 597.53416pt x 845.08372pt.
File: project/images/documentation-Cdc.pdf Graphic file (type pdf)

<use project/images/documentation-Cdc.pdf, page 12>
Package pdftex.def Info: project/images/documentation-Cdc.pdf, page12 used on i
nput line 6.
(pdftex.def)             Requested size: 597.53416pt x 845.08372pt.
 [39 <C:/Users/Quentin/Documents/pays/Docs/finalreport/project/images/documenta
tion-Cdc.pdf>]
<project/images/documentation-Cdc.pdf, id=756, page=13, 597.50829pt x 845.0471p
t>
File: project/images/documentation-Cdc.pdf Graphic file (type pdf)
 <use project/images/documentation-Cdc.pdf, page 13>
Package pdftex.def Info: project/images/documentation-Cdc.pdf, page13 used on i
nput line 6.
(pdftex.def)             Requested size: 597.53416pt x 845.08372pt.
File: project/images/documentation-Cdc.pdf Graphic file (type pdf)

<use project/images/documentation-Cdc.pdf, page 13>
Package pdftex.def Info: project/images/documentation-Cdc.pdf, page13 used on i
nput line 6.
(pdftex.def)             Requested size: 597.53416pt x 845.08372pt.
File: project/images/documentation-Cdc.pdf Graphic file (type pdf)

<use project/images/documentation-Cdc.pdf, page 13>
Package pdftex.def Info: project/images/documentation-Cdc.pdf, page13 used on i
nput line 6.
(pdftex.def)             Requested size: 597.53416pt x 845.08372pt.
 [40 <C:/Users/Quentin/Documents/pays/Docs/finalreport/project/images/documenta
tion-Cdc.pdf>]
<project/images/documentation-Cdc.pdf, id=766, page=14, 597.50829pt x 845.0471p
t>
File: project/images/documentation-Cdc.pdf Graphic file (type pdf)
 <use project/images/documentation-Cdc.pdf, page 14>
Package pdftex.def Info: project/images/documentation-Cdc.pdf, page14 used on i
nput line 6.
(pdftex.def)             Requested size: 597.53416pt x 845.08372pt.
File: project/images/documentation-Cdc.pdf Graphic file (type pdf)

<use project/images/documentation-Cdc.pdf, page 14>
Package pdftex.def Info: project/images/documentation-Cdc.pdf, page14 used on i
nput line 6.
(pdftex.def)             Requested size: 597.53416pt x 845.08372pt.
File: project/images/documentation-Cdc.pdf Graphic file (type pdf)

<use project/images/documentation-Cdc.pdf, page 14>
Package pdftex.def Info: project/images/documentation-Cdc.pdf, page14 used on i
nput line 6.
(pdftex.def)             Requested size: 597.53416pt x 845.08372pt.
 [41 <C:/Users/Quentin/Documents/pays/Docs/finalreport/project/images/documenta
tion-Cdc.pdf>]
<project/images/documentation-Cdc.pdf, id=774, page=15, 597.50829pt x 845.0471p
t>
File: project/images/documentation-Cdc.pdf Graphic file (type pdf)
 <use project/images/documentation-Cdc.pdf, page 15>
Package pdftex.def Info: project/images/documentation-Cdc.pdf, page15 used on i
nput line 6.
(pdftex.def)             Requested size: 597.53416pt x 845.08372pt.
File: project/images/documentation-Cdc.pdf Graphic file (type pdf)

<use project/images/documentation-Cdc.pdf, page 15>
Package pdftex.def Info: project/images/documentation-Cdc.pdf, page15 used on i
nput line 6.
(pdftex.def)             Requested size: 597.53416pt x 845.08372pt.
File: project/images/documentation-Cdc.pdf Graphic file (type pdf)

<use project/images/documentation-Cdc.pdf, page 15>
Package pdftex.def Info: project/images/documentation-Cdc.pdf, page15 used on i
nput line 6.
(pdftex.def)             Requested size: 597.53416pt x 845.08372pt.
 [42 <C:/Users/Quentin/Documents/pays/Docs/finalreport/project/images/documenta
tion-Cdc.pdf>]

Package hyperref Warning: Token not allowed in a PDF string (PDFDocEncoding):
(hyperref)                removing `\\' on input line 9.

<project/images/Manuel-utilisation.pdf, id=779, 597.50829pt x 845.0471pt>
File: project/images/Manuel-utilisation.pdf Graphic file (type pdf)

<use project/images/Manuel-utilisation.pdf>
Package pdftex.def Info: project/images/Manuel-utilisation.pdf used on input li
ne 12.
(pdftex.def)             Requested size: 597.50682pt x 845.04504pt.
File: project/images/Manuel-utilisation.pdf Graphic file (type pdf)

<use project/images/Manuel-utilisation.pdf>
Package pdftex.def Info: project/images/Manuel-utilisation.pdf used on input li
ne 12.
(pdftex.def)             Requested size: 597.50682pt x 845.04504pt.


Package Fancyhdr Warning: \headheight is too small (12.0pt): 
 Make it at least 14.49998pt.
 We now make it that large for the rest of the document.
 This may cause the page layout to be inconsistent, however.

[43 <C:/Users/Quentin/Documents/pays/Docs/finalreport/project/images/documentat
ion-Cdc.pdf>]
<project/images/Manuel-utilisation.pdf, id=790, page=1, 597.50829pt x 845.0471p
t>
File: project/images/Manuel-utilisation.pdf Graphic file (type pdf)
 <use project/images/Manuel-utilisation.pdf, page 1>
Package pdftex.def Info: project/images/Manuel-utilisation.pdf, page1 used on i
nput line 12.
(pdftex.def)             Requested size: 597.50682pt x 845.04504pt.
File: project/images/Manuel-utilisation.pdf Graphic file (type pdf)

<use project/images/Manuel-utilisation.pdf, page 1>
Package pdftex.def Info: project/images/Manuel-utilisation.pdf, page1 used on i
nput line 12.
(pdftex.def)             Requested size: 597.53416pt x 845.08372pt.
File: project/images/Manuel-utilisation.pdf Graphic file (type pdf)

<use project/images/Manuel-utilisation.pdf, page 1>
Package pdftex.def Info: project/images/Manuel-utilisation.pdf, page1 used on i
nput line 12.
(pdftex.def)             Requested size: 597.53416pt x 845.08372pt.
File: project/images/Manuel-utilisation.pdf Graphic file (type pdf)

<use project/images/Manuel-utilisation.pdf, page 1>
Package pdftex.def Info: project/images/Manuel-utilisation.pdf, page1 used on i
nput line 12.
(pdftex.def)             Requested size: 597.53416pt x 845.08372pt.
File: project/images/Manuel-utilisation.pdf Graphic file (type pdf)

<use project/images/Manuel-utilisation.pdf, page 1>
Package pdftex.def Info: project/images/Manuel-utilisation.pdf, page1 used on i
nput line 12.
(pdftex.def)             Requested size: 597.53416pt x 845.08372pt.
 [44]
<project/images/Manuel-utilisation.pdf, id=795, page=2, 597.50829pt x 845.0471p
t>
File: project/images/Manuel-utilisation.pdf Graphic file (type pdf)
 <use project/images/Manuel-utilisation.pdf, page 2>
Package pdftex.def Info: project/images/Manuel-utilisation.pdf, page2 used on i
nput line 12.
(pdftex.def)             Requested size: 597.53416pt x 845.08372pt.
File: project/images/Manuel-utilisation.pdf Graphic file (type pdf)

<use project/images/Manuel-utilisation.pdf, page 2>
Package pdftex.def Info: project/images/Manuel-utilisation.pdf, page2 used on i
nput line 12.
(pdftex.def)             Requested size: 597.53416pt x 845.08372pt.
File: project/images/Manuel-utilisation.pdf Graphic file (type pdf)

<use project/images/Manuel-utilisation.pdf, page 2>
Package pdftex.def Info: project/images/Manuel-utilisation.pdf, page2 used on i
nput line 12.
(pdftex.def)             Requested size: 597.53416pt x 845.08372pt.
 [45 <C:/Users/Quentin/Documents/pays/Docs/finalreport/project/images/Manuel-ut
ilisation.pdf>]
<project/images/Manuel-utilisation.pdf, id=807, page=3, 597.50829pt x 845.0471p
t>
File: project/images/Manuel-utilisation.pdf Graphic file (type pdf)
 <use project/images/Manuel-utilisation.pdf, page 3>
Package pdftex.def Info: project/images/Manuel-utilisation.pdf, page3 used on i
nput line 12.
(pdftex.def)             Requested size: 597.53416pt x 845.08372pt.
File: project/images/Manuel-utilisation.pdf Graphic file (type pdf)

<use project/images/Manuel-utilisation.pdf, page 3>
Package pdftex.def Info: project/images/Manuel-utilisation.pdf, page3 used on i
nput line 12.
(pdftex.def)             Requested size: 597.53416pt x 845.08372pt.
File: project/images/Manuel-utilisation.pdf Graphic file (type pdf)

<use project/images/Manuel-utilisation.pdf, page 3>
Package pdftex.def Info: project/images/Manuel-utilisation.pdf, page3 used on i
nput line 12.
(pdftex.def)             Requested size: 597.53416pt x 845.08372pt.
 [46 <C:/Users/Quentin/Documents/pays/Docs/finalreport/project/images/Manuel-ut
ilisation.pdf>]
<project/images/Manuel-utilisation.pdf, id=812, page=4, 597.50829pt x 845.0471p
t>
File: project/images/Manuel-utilisation.pdf Graphic file (type pdf)
 <use project/images/Manuel-utilisation.pdf, page 4>
Package pdftex.def Info: project/images/Manuel-utilisation.pdf, page4 used on i
nput line 12.
(pdftex.def)             Requested size: 597.53416pt x 845.08372pt.
File: project/images/Manuel-utilisation.pdf Graphic file (type pdf)

<use project/images/Manuel-utilisation.pdf, page 4>
Package pdftex.def Info: project/images/Manuel-utilisation.pdf, page4 used on i
nput line 12.
(pdftex.def)             Requested size: 597.53416pt x 845.08372pt.
File: project/images/Manuel-utilisation.pdf Graphic file (type pdf)

<use project/images/Manuel-utilisation.pdf, page 4>
Package pdftex.def Info: project/images/Manuel-utilisation.pdf, page4 used on i
nput line 12.
(pdftex.def)             Requested size: 597.53416pt x 845.08372pt.
 [47 <C:/Users/Quentin/Documents/pays/Docs/finalreport/project/images/Manuel-ut
ilisation.pdf>]
<project/images/Manuel-utilisation.pdf, id=817, page=5, 597.50829pt x 845.0471p
t>
File: project/images/Manuel-utilisation.pdf Graphic file (type pdf)
 <use project/images/Manuel-utilisation.pdf, page 5>
Package pdftex.def Info: project/images/Manuel-utilisation.pdf, page5 used on i
nput line 12.
(pdftex.def)             Requested size: 597.53416pt x 845.08372pt.
File: project/images/Manuel-utilisation.pdf Graphic file (type pdf)

<use project/images/Manuel-utilisation.pdf, page 5>
Package pdftex.def Info: project/images/Manuel-utilisation.pdf, page5 used on i
nput line 12.
(pdftex.def)             Requested size: 597.53416pt x 845.08372pt.
File: project/images/Manuel-utilisation.pdf Graphic file (type pdf)

<use project/images/Manuel-utilisation.pdf, page 5>
Package pdftex.def Info: project/images/Manuel-utilisation.pdf, page5 used on i
nput line 12.
(pdftex.def)             Requested size: 597.53416pt x 845.08372pt.
 [48 <C:/Users/Quentin/Documents/pays/Docs/finalreport/project/images/Manuel-ut
ilisation.pdf>]
<project/images/Manuel-utilisation.pdf, id=825, page=6, 597.50829pt x 845.0471p
t>
File: project/images/Manuel-utilisation.pdf Graphic file (type pdf)
 <use project/images/Manuel-utilisation.pdf, page 6>
Package pdftex.def Info: project/images/Manuel-utilisation.pdf, page6 used on i
nput line 12.
(pdftex.def)             Requested size: 597.53416pt x 845.08372pt.
File: project/images/Manuel-utilisation.pdf Graphic file (type pdf)

<use project/images/Manuel-utilisation.pdf, page 6>
Package pdftex.def Info: project/images/Manuel-utilisation.pdf, page6 used on i
nput line 12.
(pdftex.def)             Requested size: 597.53416pt x 845.08372pt.
File: project/images/Manuel-utilisation.pdf Graphic file (type pdf)

<use project/images/Manuel-utilisation.pdf, page 6>
Package pdftex.def Info: project/images/Manuel-utilisation.pdf, page6 used on i
nput line 12.
(pdftex.def)             Requested size: 597.53416pt x 845.08372pt.
 [49 <C:/Users/Quentin/Documents/pays/Docs/finalreport/project/images/Manuel-ut
ilisation.pdf>]
<project/images/Manuel-utilisation.pdf, id=873, page=7, 597.50829pt x 845.0471p
t>
File: project/images/Manuel-utilisation.pdf Graphic file (type pdf)
 <use project/images/Manuel-utilisation.pdf, page 7>
Package pdftex.def Info: project/images/Manuel-utilisation.pdf, page7 used on i
nput line 12.
(pdftex.def)             Requested size: 597.53416pt x 845.08372pt.
File: project/images/Manuel-utilisation.pdf Graphic file (type pdf)

<use project/images/Manuel-utilisation.pdf, page 7>
Package pdftex.def Info: project/images/Manuel-utilisation.pdf, page7 used on i
nput line 12.
(pdftex.def)             Requested size: 597.53416pt x 845.08372pt.
File: project/images/Manuel-utilisation.pdf Graphic file (type pdf)

<use project/images/Manuel-utilisation.pdf, page 7>
Package pdftex.def Info: project/images/Manuel-utilisation.pdf, page7 used on i
nput line 12.
(pdftex.def)             Requested size: 597.53416pt x 845.08372pt.
 [50 <C:/Users/Quentin/Documents/pays/Docs/finalreport/project/images/Manuel-ut
ilisation.pdf>]
<project/images/Manuel-utilisation.pdf, id=881, page=8, 597.50829pt x 845.0471p
t>
File: project/images/Manuel-utilisation.pdf Graphic file (type pdf)
 <use project/images/Manuel-utilisation.pdf, page 8>
Package pdftex.def Info: project/images/Manuel-utilisation.pdf, page8 used on i
nput line 12.
(pdftex.def)             Requested size: 597.53416pt x 845.08372pt.
File: project/images/Manuel-utilisation.pdf Graphic file (type pdf)

<use project/images/Manuel-utilisation.pdf, page 8>
Package pdftex.def Info: project/images/Manuel-utilisation.pdf, page8 used on i
nput line 12.
(pdftex.def)             Requested size: 597.53416pt x 845.08372pt.
File: project/images/Manuel-utilisation.pdf Graphic file (type pdf)

<use project/images/Manuel-utilisation.pdf, page 8>
Package pdftex.def Info: project/images/Manuel-utilisation.pdf, page8 used on i
nput line 12.
(pdftex.def)             Requested size: 597.53416pt x 845.08372pt.
 [51 <C:/Users/Quentin/Documents/pays/Docs/finalreport/project/images/Manuel-ut
ilisation.pdf>]
<project/images/Manuel-utilisation.pdf, id=889, page=9, 597.50829pt x 845.0471p
t>
File: project/images/Manuel-utilisation.pdf Graphic file (type pdf)
 <use project/images/Manuel-utilisation.pdf, page 9>
Package pdftex.def Info: project/images/Manuel-utilisation.pdf, page9 used on i
nput line 12.
(pdftex.def)             Requested size: 597.53416pt x 845.08372pt.
File: project/images/Manuel-utilisation.pdf Graphic file (type pdf)

<use project/images/Manuel-utilisation.pdf, page 9>
Package pdftex.def Info: project/images/Manuel-utilisation.pdf, page9 used on i
nput line 12.
(pdftex.def)             Requested size: 597.53416pt x 845.08372pt.
File: project/images/Manuel-utilisation.pdf Graphic file (type pdf)

<use project/images/Manuel-utilisation.pdf, page 9>
Package pdftex.def Info: project/images/Manuel-utilisation.pdf, page9 used on i
nput line 12.
(pdftex.def)             Requested size: 597.53416pt x 845.08372pt.
 [52 <C:/Users/Quentin/Documents/pays/Docs/finalreport/project/images/Manuel-ut
ilisation.pdf>]
<project/images/Manuel-utilisation.pdf, id=897, page=10, 597.50829pt x 845.0471
pt>
File: project/images/Manuel-utilisation.pdf Graphic file (type pdf)
 <use project/images/Manuel-utilisation.pdf, page 10>
Package pdftex.def Info: project/images/Manuel-utilisation.pdf, page10 used on 
input line 12.
(pdftex.def)             Requested size: 597.53416pt x 845.08372pt.
File: project/images/Manuel-utilisation.pdf Graphic file (type pdf)

<use project/images/Manuel-utilisation.pdf, page 10>
Package pdftex.def Info: project/images/Manuel-utilisation.pdf, page10 used on 
input line 12.
(pdftex.def)             Requested size: 597.53416pt x 845.08372pt.
File: project/images/Manuel-utilisation.pdf Graphic file (type pdf)

<use project/images/Manuel-utilisation.pdf, page 10>
Package pdftex.def Info: project/images/Manuel-utilisation.pdf, page10 used on 
input line 12.
(pdftex.def)             Requested size: 597.53416pt x 845.08372pt.
 [53 <C:/Users/Quentin/Documents/pays/Docs/finalreport/project/images/Manuel-ut
ilisation.pdf>]
<project/images/Manuel-utilisation.pdf, id=905, page=11, 597.50829pt x 845.0471
pt>
File: project/images/Manuel-utilisation.pdf Graphic file (type pdf)
 <use project/images/Manuel-utilisation.pdf, page 11>
Package pdftex.def Info: project/images/Manuel-utilisation.pdf, page11 used on 
input line 12.
(pdftex.def)             Requested size: 597.53416pt x 845.08372pt.
File: project/images/Manuel-utilisation.pdf Graphic file (type pdf)

<use project/images/Manuel-utilisation.pdf, page 11>
Package pdftex.def Info: project/images/Manuel-utilisation.pdf, page11 used on 
input line 12.
(pdftex.def)             Requested size: 597.53416pt x 845.08372pt.
File: project/images/Manuel-utilisation.pdf Graphic file (type pdf)

<use project/images/Manuel-utilisation.pdf, page 11>
Package pdftex.def Info: project/images/Manuel-utilisation.pdf, page11 used on 
input line 12.
(pdftex.def)             Requested size: 597.53416pt x 845.08372pt.
 [54 <C:/Users/Quentin/Documents/pays/Docs/finalreport/project/images/Manuel-ut
ilisation.pdf>]
<project/images/Manuel-utilisation.pdf, id=913, page=12, 597.50829pt x 845.0471
pt>
File: project/images/Manuel-utilisation.pdf Graphic file (type pdf)
 <use project/images/Manuel-utilisation.pdf, page 12>
Package pdftex.def Info: project/images/Manuel-utilisation.pdf, page12 used on 
input line 12.
(pdftex.def)             Requested size: 597.53416pt x 845.08372pt.
File: project/images/Manuel-utilisation.pdf Graphic file (type pdf)

<use project/images/Manuel-utilisation.pdf, page 12>
Package pdftex.def Info: project/images/Manuel-utilisation.pdf, page12 used on 
input line 12.
(pdftex.def)             Requested size: 597.53416pt x 845.08372pt.
File: project/images/Manuel-utilisation.pdf Graphic file (type pdf)

<use project/images/Manuel-utilisation.pdf, page 12>
Package pdftex.def Info: project/images/Manuel-utilisation.pdf, page12 used on 
input line 12.
(pdftex.def)             Requested size: 597.53416pt x 845.08372pt.
 [55 <C:/Users/Quentin/Documents/pays/Docs/finalreport/project/images/Manuel-ut
ilisation.pdf>]
<project/images/Manuel-utilisation.pdf, id=922, page=13, 597.50829pt x 845.0471
pt>
File: project/images/Manuel-utilisation.pdf Graphic file (type pdf)
 <use project/images/Manuel-utilisation.pdf, page 13>
Package pdftex.def Info: project/images/Manuel-utilisation.pdf, page13 used on 
input line 12.
(pdftex.def)             Requested size: 597.53416pt x 845.08372pt.
File: project/images/Manuel-utilisation.pdf Graphic file (type pdf)

<use project/images/Manuel-utilisation.pdf, page 13>
Package pdftex.def Info: project/images/Manuel-utilisation.pdf, page13 used on 
input line 12.
(pdftex.def)             Requested size: 597.53416pt x 845.08372pt.
File: project/images/Manuel-utilisation.pdf Graphic file (type pdf)

<use project/images/Manuel-utilisation.pdf, page 13>
Package pdftex.def Info: project/images/Manuel-utilisation.pdf, page13 used on 
input line 12.
(pdftex.def)             Requested size: 597.53416pt x 845.08372pt.
 [56 <C:/Users/Quentin/Documents/pays/Docs/finalreport/project/images/Manuel-ut
ilisation.pdf>]) [57 <C:/Users/Quentin/Documents/pays/Docs/finalreport/project/
images/Manuel-utilisation.pdf>]
Package atveryend Info: Empty hook `BeforeClearDocument' on input line 158.
Package atveryend Info: Empty hook `AfterLastShipout' on input line 158.
 (C:\Users\Quentin\Documents\pays\Docs\finalreport\report.aux)
Package atveryend Info: Executing hook `AtVeryEndDocument' on input line 158.
Package atveryend Info: Executing hook `AtEndAfterFileList' on input line 158.
Package rerunfilecheck Info: File `report.out' has not changed.
(rerunfilecheck)             Checksum: D6D9E8089A455D32DF9CE934D4851FC2;2242.
Package atveryend Info: Empty hook `AtVeryVeryEnd' on input line 158.
 ) 
Here is how much of TeX's memory you used:
 18871 strings out of 493921
 326572 string characters out of 3147276
 856745 words of memory out of 3000000
 21330 multiletter control sequences out of 15000+200000
 93013 words of font info for 103 fonts, out of 3000000 for 9000
 841 hyphenation exceptions out of 8191
 49i,18n,45p,572b,1947s stack positions out of 5000i,500n,10000p,200000b,50000s
{C:/Program Files/MiKTeX 2.9/fonts/enc/dvips/fontname/8r.enc}<C:/Program File
s/MiKTeX 2.9/fonts/type1/public/amsfonts/cm/cmcsc10.pfb><C:/Program Files/MiKTe
X 2.9/fonts/type1/public/amsfonts/cm/cmr12.pfb><C:/Program Files/MiKTeX 2.9/fon
ts/type1/public/amsfonts/cm/cmss17.pfb><C:/Program Files/MiKTeX 2.9/fonts/type1
/public/amsfonts/cm/cmsy10.pfb><C:/Program Files/MiKTeX 2.9/fonts/type1/urw/cou
rier/ucrr8a.pfb><C:/Program Files/MiKTeX 2.9/fonts/type1/urw/times/utmb8a.pfb><
C:/Program Files/MiKTeX 2.9/fonts/type1/urw/times/utmr8a.pfb><C:/Program Files/
MiKTeX 2.9/fonts/type1/urw/times/utmri8a.pfb>
Output written on report.pdf (57 pages, 2240889 bytes).
PDF statistics:
 1048 PDF objects out of 1200 (max. 8388607)
 436 named destinations out of 1000 (max. 500000)
 483 words of extra memory for PDF output out of 10000 (max. 10000000)

